Using pre-set license
Built from '2021.3/china_unity/release' branch; Version is '2021.3.21f1c1 (08fa194de70f) revision 588313'; Using compiler version '192829333'; Build Type 'Release'
OS: 'Windows 11  (10.0.22621) 64bit CoreCountrySpecific' Language: 'zh' Physical Memory: 16101 MB
BatchMode: 1, IsHumanControllingUs: 0, StartBugReporterOnCrash: 0, Is64bit: 1, IsPro: 1

COMMAND LINE ARGUMENTS:
D:\Program Files\2021.3.21f1c1\Editor\Unity.exe
-adb2
-batchMode
-noUpm
-name
AssetImportWorker10
-projectPath
C:/Users/lofnh/Documents/GitHub/Draconia/My project
-logFile
Logs/AssetImportWorker10.log
-srvPort
61285
Successfully changed project path to: C:/Users/lofnh/Documents/GitHub/Draconia/My project
C:/Users/lofnh/Documents/GitHub/Draconia/My project
[UnityMemory] Configuration Parameters - Can be set up in boot.config
    "memorysetup-bucket-allocator-granularity=16"
    "memorysetup-bucket-allocator-bucket-count=8"
    "memorysetup-bucket-allocator-block-size=33554432"
    "memorysetup-bucket-allocator-block-count=8"
    "memorysetup-main-allocator-block-size=16777216"
    "memorysetup-thread-allocator-block-size=16777216"
    "memorysetup-gfx-main-allocator-block-size=16777216"
    "memorysetup-gfx-thread-allocator-block-size=16777216"
    "memorysetup-cache-allocator-block-size=4194304"
    "memorysetup-typetree-allocator-block-size=2097152"
    "memorysetup-profiler-bucket-allocator-granularity=16"
    "memorysetup-profiler-bucket-allocator-bucket-count=8"
    "memorysetup-profiler-bucket-allocator-block-size=33554432"
    "memorysetup-profiler-bucket-allocator-block-count=8"
    "memorysetup-profiler-allocator-block-size=16777216"
    "memorysetup-profiler-editor-allocator-block-size=1048576"
    "memorysetup-temp-allocator-size-main=16777216"
    "memorysetup-job-temp-allocator-block-size=2097152"
    "memorysetup-job-temp-allocator-block-size-background=1048576"
    "memorysetup-job-temp-allocator-reduction-small-platforms=262144"
    "memorysetup-temp-allocator-size-background-worker=32768"
    "memorysetup-temp-allocator-size-job-worker=262144"
    "memorysetup-temp-allocator-size-preload-manager=33554432"
    "memorysetup-temp-allocator-size-nav-mesh-worker=65536"
    "memorysetup-temp-allocator-size-audio-worker=65536"
    "memorysetup-temp-allocator-size-cloud-worker=32768"
    "memorysetup-temp-allocator-size-gi-baking-worker=262144"
    "memorysetup-temp-allocator-size-gfx=262144"
Player connection [28640] Host "[IP] 192.168.123.10 [Port] 0 [Flags] 2 [Guid] 3161219178 [EditorId] 3161219178 [Version] 1048832 [Id] WindowsEditor(7,James_Workspace) [Debug] 1 [PackageName] WindowsEditor [ProjectName] Editor" joined multi-casting on [225.0.0.222:54997]...

Player connection [28640] Host "[IP] 192.168.123.10 [Port] 0 [Flags] 2 [Guid] 3161219178 [EditorId] 3161219178 [Version] 1048832 [Id] WindowsEditor(7,James_Workspace) [Debug] 1 [PackageName] WindowsEditor [ProjectName] Editor" joined alternative multi-casting on [225.0.0.222:34997]...

AS: AutoStreaming module initializing.
Refreshing native plugins compatible for Editor in 81.40 ms, found 4 plugins.
Preloading 0 native plugins for Editor in 0.00 ms.
Initialize engine version: 2021.3.21f1c1 (08fa194de70f)
[Subsystems] Discovering subsystems at path D:/Program Files/2021.3.21f1c1/Editor/Data/Resources/UnitySubsystems
[Subsystems] Discovering subsystems at path C:/Users/lofnh/Documents/GitHub/Draconia/My project/Assets
GfxDevice: creating device client; threaded=0; jobified=0
Direct3D:
    Version:  Direct3D 11.0 [level 11.1]
    Renderer: NVIDIA GeForce RTX 4070 Ti (ID=0x2782)
    Vendor:   NVIDIA
    VRAM:     12010 MB
    Driver:   31.0.15.3640
Initialize mono
Mono path[0] = 'D:/Program Files/2021.3.21f1c1/Editor/Data/Managed'
Mono path[1] = 'D:/Program Files/2021.3.21f1c1/Editor/Data/MonoBleedingEdge/lib/mono/unityjit-win32'
Mono config path = 'D:/Program Files/2021.3.21f1c1/Editor/Data/MonoBleedingEdge/etc'
Using monoOptions --debugger-agent=transport=dt_socket,embedding=1,server=y,suspend=n,address=127.0.0.1:56008
Begin MonoManager ReloadAssembly
Registering precompiled unity dll's ...
Register platform support module: D:/Program Files/2021.3.21f1c1/Editor/Data/PlaybackEngines/WebGLSupport/UnityEditor.WebGL.Extensions.dll
Register platform support module: D:/Program Files/2021.3.21f1c1/Editor/Data/PlaybackEngines/WindowsStandaloneSupport/UnityEditor.WindowsStandalone.Extensions.dll
Registered in 0.030403 seconds.
Native extension for WindowsStandalone target not found
Native extension for WebGL target not found
Refreshing native plugins compatible for Editor in 72.72 ms, found 4 plugins.
Preloading 0 native plugins for Editor in 0.00 ms.
Mono: successfully reloaded assembly
- Completed reload, in  1.263 seconds
Domain Reload Profiling:
	ReloadAssembly (1263ms)
		BeginReloadAssembly (900ms)
			ExecutionOrderSort (0ms)
			DisableScriptedObjects (0ms)
			BackupInstance (0ms)
			ReleaseScriptingObjects (0ms)
			CreateAndSetChildDomain (1ms)
		EndReloadAssembly (276ms)
			LoadAssemblies (898ms)
			RebuildTransferFunctionScriptingTraits (0ms)
			SetupTypeCache (56ms)
			ReleaseScriptCaches (0ms)
			RebuildScriptCaches (15ms)
			SetupLoadedEditorAssemblies (172ms)
				LogAssemblyErrors (0ms)
				InitializePlatformSupportModulesInManaged (4ms)
				SetLoadedEditorAssemblies (0ms)
				RefreshPlugins (73ms)
				BeforeProcessingInitializeOnLoad (1ms)
				ProcessInitializeOnLoadAttributes (67ms)
				ProcessInitializeOnLoadMethodAttributes (27ms)
				AfterProcessingInitializeOnLoad (0ms)
				EditorAssembliesLoaded (0ms)
			ExecutionOrderSort2 (0ms)
			AwakeInstancesAfterBackupRestoration (0ms)
Platform modules already initialized, skipping
Registering precompiled user dll's ...
Registered in 0.011357 seconds.
Begin MonoManager ReloadAssembly
Symbol file LoadedFromMemory doesn't match image C:\Users\lofnh\Documents\GitHub\Draconia\My project\Library\PackageCache\com.unity.visualscripting@1.8.0\Editor\VisualScripting.Core\Dependencies\YamlDotNet\Unity.VisualScripting.YamlDotNet.dll
Symbol file LoadedFromMemory doesn't match image C:\Users\lofnh\Documents\GitHub\Draconia\My project\Library\PackageCache\com.unity.visualscripting@1.8.0\Editor\VisualScripting.Core\Dependencies\DotNetZip\Unity.VisualScripting.IonicZip.dll
Native extension for WindowsStandalone target not found
Native extension for WebGL target not found
Refreshing native plugins compatible for Editor in 73.00 ms, found 4 plugins.
Preloading 0 native plugins for Editor in 0.00 ms.
Mono: successfully reloaded assembly
- Completed reload, in  0.890 seconds
Domain Reload Profiling:
	ReloadAssembly (890ms)
		BeginReloadAssembly (70ms)
			ExecutionOrderSort (0ms)
			DisableScriptedObjects (3ms)
			BackupInstance (0ms)
			ReleaseScriptingObjects (0ms)
			CreateAndSetChildDomain (13ms)
		EndReloadAssembly (756ms)
			LoadAssemblies (139ms)
			RebuildTransferFunctionScriptingTraits (0ms)
			SetupTypeCache (168ms)
			ReleaseScriptCaches (0ms)
			RebuildScriptCaches (43ms)
			SetupLoadedEditorAssemblies (378ms)
				LogAssemblyErrors (0ms)
				InitializePlatformSupportModulesInManaged (2ms)
				SetLoadedEditorAssemblies (0ms)
				RefreshPlugins (73ms)
				BeforeProcessingInitializeOnLoad (65ms)
				ProcessInitializeOnLoadAttributes (180ms)
				ProcessInitializeOnLoadMethodAttributes (53ms)
				AfterProcessingInitializeOnLoad (4ms)
				EditorAssembliesLoaded (0ms)
			ExecutionOrderSort2 (0ms)
			AwakeInstancesAfterBackupRestoration (4ms)
Platform modules already initialized, skipping
========================================================================
Worker process is ready to serve import requests
Launched and connected shader compiler UnityShaderCompiler.exe after 0.14 seconds
Refreshing native plugins compatible for Editor in 0.83 ms, found 4 plugins.
Preloading 0 native plugins for Editor in 0.00 ms.
Unloading 5968 Unused Serialized files (Serialized files now loaded: 0)
Unloading 59 unused Assets / (1.4 MB). Loaded Objects now: 6417.
Memory consumption went from 227.4 MB to 226.0 MB.
Total: 2.615300 ms (FindLiveObjects: 0.286800 ms CreateObjectMapping: 0.105800 ms MarkObjects: 1.854500 ms  DeleteObjects: 0.367000 ms)

AssetImportParameters requested are different than current active one (requested -> active):
  custom:video-decoder-ogg-theora: a1e56fd34408186e4bbccfd4996cb3dc -> 
  custom:container-muxer-webm: aa71ff27fc2769a1b78a27578f13a17b -> 
  custom:container-demuxer-webm: 4f35f7cbe854078d1ac9338744f61a02 -> 
  custom:video-encoder-webm-vp8: eb34c28f22e8b96e1ab97ce403110664 -> 
  custom:video-codec-MediaFoundation-h265: 746d11721c4dcdbdad8f713fa42b33f4 -> 
  custom:audio-encoder-webm-vorbis: bf7c407c2cedff20999df2af8eb42d56 -> 
  custom:framework-win-MediaFoundation: 216162199b28c13a410421893ffa2e32 -> 
  custom:container-demuxer-ogg: 62fdf1f143b41e24485cea50d1cbac27 -> 
  custom:video-decoder-webm-vp8: 9c59270c3fd7afecdb556c50c9e8de78 -> 
  custom:audio-decoder-ogg-vorbis: bf7c407c2cedff20999df2af8eb42d56 -> 
========================================================================
Received Prepare
Registering precompiled user dll's ...
Registered in 0.011947 seconds.
Begin MonoManager ReloadAssembly
Symbol file LoadedFromMemory doesn't match image C:\Users\lofnh\Documents\GitHub\Draconia\My project\Library\PackageCache\com.unity.visualscripting@1.8.0\Editor\VisualScripting.Core\Dependencies\YamlDotNet\Unity.VisualScripting.YamlDotNet.dll
Symbol file LoadedFromMemory doesn't match image C:\Users\lofnh\Documents\GitHub\Draconia\My project\Library\PackageCache\com.unity.visualscripting@1.8.0\Editor\VisualScripting.Core\Dependencies\DotNetZip\Unity.VisualScripting.IonicZip.dll
Native extension for WindowsStandalone target not found
Native extension for WebGL target not found
Refreshing native plugins compatible for Editor in 0.96 ms, found 4 plugins.
Preloading 0 native plugins for Editor in 0.00 ms.
Mono: successfully reloaded assembly
- Completed reload, in  0.865 seconds
Domain Reload Profiling:
	ReloadAssembly (865ms)
		BeginReloadAssembly (112ms)
			ExecutionOrderSort (0ms)
			DisableScriptedObjects (5ms)
			BackupInstance (0ms)
			ReleaseScriptingObjects (0ms)
			CreateAndSetChildDomain (31ms)
		EndReloadAssembly (688ms)
			LoadAssemblies (87ms)
			RebuildTransferFunctionScriptingTraits (0ms)
			SetupTypeCache (219ms)
			ReleaseScriptCaches (2ms)
			RebuildScriptCaches (47ms)
			SetupLoadedEditorAssemblies (304ms)
				LogAssemblyErrors (0ms)
				InitializePlatformSupportModulesInManaged (5ms)
				SetLoadedEditorAssemblies (1ms)
				RefreshPlugins (1ms)
				BeforeProcessingInitializeOnLoad (64ms)
				ProcessInitializeOnLoadAttributes (168ms)
				ProcessInitializeOnLoadMethodAttributes (61ms)
				AfterProcessingInitializeOnLoad (4ms)
				EditorAssembliesLoaded (0ms)
			ExecutionOrderSort2 (0ms)
			AwakeInstancesAfterBackupRestoration (7ms)
Platform modules already initialized, skipping
Refreshing native plugins compatible for Editor in 3.70 ms, found 4 plugins.
Preloading 0 native plugins for Editor in 0.00 ms.
Unloading 5883 Unused Serialized files (Serialized files now loaded: 0)
Unloading 46 unused Assets / (1.4 MB). Loaded Objects now: 6420.
Memory consumption went from 220.5 MB to 219.1 MB.
Total: 3.037600 ms (FindLiveObjects: 0.383800 ms CreateObjectMapping: 0.151400 ms MarkObjects: 1.917800 ms  DeleteObjects: 0.583800 ms)

AssetImportParameters requested are different than current active one (requested -> active):
  custom:video-decoder-ogg-theora: a1e56fd34408186e4bbccfd4996cb3dc -> 
  custom:container-muxer-webm: aa71ff27fc2769a1b78a27578f13a17b -> 
  custom:container-demuxer-webm: 4f35f7cbe854078d1ac9338744f61a02 -> 
  custom:video-encoder-webm-vp8: eb34c28f22e8b96e1ab97ce403110664 -> 
  custom:video-codec-MediaFoundation-h265: 746d11721c4dcdbdad8f713fa42b33f4 -> 
  custom:audio-encoder-webm-vorbis: bf7c407c2cedff20999df2af8eb42d56 -> 
  custom:framework-win-MediaFoundation: 216162199b28c13a410421893ffa2e32 -> 
  custom:container-demuxer-ogg: 62fdf1f143b41e24485cea50d1cbac27 -> 
  custom:video-decoder-webm-vp8: 9c59270c3fd7afecdb556c50c9e8de78 -> 
  custom:audio-decoder-ogg-vorbis: bf7c407c2cedff20999df2af8eb42d56 -> 
========================================================================
Received Import Request.
  Time since last request: 1032088.567935 seconds.
  path: Assets/AllIn1SpriteShader/2DRenderer_URP/Demo/Materials/LightGlow.mat
  artifactKey: Guid(3603f514ff46982438eee49ae3e0720f) Importer(815301076,1909f56bfc062723c751e8b465ee728b)
Start importing Assets/AllIn1SpriteShader/2DRenderer_URP/Demo/Materials/LightGlow.mat using Guid(3603f514ff46982438eee49ae3e0720f) Importer(815301076,1909f56bfc062723c751e8b465ee728b)  -> (artifact id: 'b82349655b1cc9865f889bbb17bf6711') in 0.410629 seconds 
========================================================================
Received Import Request.
  Time since last request: 0.075355 seconds.
  path: Assets/AllIn1SpriteShader/2DRenderer_URP/Demo/Prefabs/BigContainer2.prefab
  artifactKey: Guid(4d2da7d370df7014eb8f3787eb758a9b) Importer(815301076,1909f56bfc062723c751e8b465ee728b)
Start importing Assets/AllIn1SpriteShader/2DRenderer_URP/Demo/Prefabs/BigContainer2.prefab using Guid(4d2da7d370df7014eb8f3787eb758a9b) Importer(815301076,1909f56bfc062723c751e8b465ee728b)  -> (artifact id: '67963359359df509318d29c13fcacdc0') in 0.262975 seconds 
========================================================================
Received Import Request.
  Time since last request: 0.000022 seconds.
  path: Assets/AllIn1SpriteShader/2DRenderer_URP/Demo/Prefabs/TubeHead.prefab
  artifactKey: Guid(c388ff5df5100404ea0dbd022cca104c) Importer(815301076,1909f56bfc062723c751e8b465ee728b)
Start importing Assets/AllIn1SpriteShader/2DRenderer_URP/Demo/Prefabs/TubeHead.prefab using Guid(c388ff5df5100404ea0dbd022cca104c) Importer(815301076,1909f56bfc062723c751e8b465ee728b)  -> (artifact id: '3c644c3d23d239b3dfc0bc119ab3e841') in 0.018871 seconds 
========================================================================
Received Import Request.
  Time since last request: 0.000027 seconds.
  path: Assets/AllIn1SpriteShader/2DRenderer_URP/Demo/Prefabs/ChainedHook.prefab
  artifactKey: Guid(885c13684342f564c8d6a8a2befd1745) Importer(815301076,1909f56bfc062723c751e8b465ee728b)
Start importing Assets/AllIn1SpriteShader/2DRenderer_URP/Demo/Prefabs/ChainedHook.prefab using Guid(885c13684342f564c8d6a8a2befd1745) Importer(815301076,1909f56bfc062723c751e8b465ee728b)  -> (artifact id: '696680e6791dcb5f4896ca1edb850372') in 0.017953 seconds 
========================================================================
Received Import Request.
  Time since last request: 0.000021 seconds.
  path: Assets/AllIn1SpriteShader/2DRenderer_URP/Demo/Prefabs/ElectricityBox.prefab
  artifactKey: Guid(517d2966be6e44b48a967e03323cc4af) Importer(815301076,1909f56bfc062723c751e8b465ee728b)
Start importing Assets/AllIn1SpriteShader/2DRenderer_URP/Demo/Prefabs/ElectricityBox.prefab using Guid(517d2966be6e44b48a967e03323cc4af) Importer(815301076,1909f56bfc062723c751e8b465ee728b)  -> (artifact id: '72ce5920e7fc3244d411182c580111bc') in 0.021280 seconds 
========================================================================
Received Import Request.
  Time since last request: 0.000022 seconds.
  path: Assets/AllIn1SpriteShader/2DRenderer_URP/Demo/Prefabs/Machine.prefab
  artifactKey: Guid(3d12ece1e362e47489f19abc0af74b71) Importer(815301076,1909f56bfc062723c751e8b465ee728b)
Start importing Assets/AllIn1SpriteShader/2DRenderer_URP/Demo/Prefabs/Machine.prefab using Guid(3d12ece1e362e47489f19abc0af74b71) Importer(815301076,1909f56bfc062723c751e8b465ee728b)  -> (artifact id: '18a88df7054df3c532588b27cdb005c3') in 0.017516 seconds 
========================================================================
Received Import Request.
  Time since last request: 0.000021 seconds.
  path: Assets/AllIn1SpriteShader/2DRenderer_URP/Demo/Prefabs/ToxicCover.prefab
  artifactKey: Guid(ce42e219c0b14934da84461c3abd948f) Importer(815301076,1909f56bfc062723c751e8b465ee728b)
Start importing Assets/AllIn1SpriteShader/2DRenderer_URP/Demo/Prefabs/ToxicCover.prefab using Guid(ce42e219c0b14934da84461c3abd948f) Importer(815301076,1909f56bfc062723c751e8b465ee728b)  -> (artifact id: '16bb05a6bea4658f790721697ecfa452') in 0.022057 seconds 
========================================================================
Received Import Request.
  Time since last request: 0.000022 seconds.
  path: Assets/AllIn1SpriteShader/2DRenderer_URP/Demo/Prefabs/LightBulb.prefab
  artifactKey: Guid(c98a608e14926574c8c186bf8703a663) Importer(815301076,1909f56bfc062723c751e8b465ee728b)
Start importing Assets/AllIn1SpriteShader/2DRenderer_URP/Demo/Prefabs/LightBulb.prefab using Guid(c98a608e14926574c8c186bf8703a663) Importer(815301076,1909f56bfc062723c751e8b465ee728b)  -> (artifact id: '650d9cc554296f83eb752ae3ee486df6') in 0.018735 seconds 
========================================================================
Received Import Request.
  Time since last request: 0.000023 seconds.
  path: Assets/AllIn1SpriteShader/2DRenderer_URP/Demo/Prefabs/BlueChest.prefab
  artifactKey: Guid(1741fea835d9de34eaf9a8a6d6f38be1) Importer(815301076,1909f56bfc062723c751e8b465ee728b)
Start importing Assets/AllIn1SpriteShader/2DRenderer_URP/Demo/Prefabs/BlueChest.prefab using Guid(1741fea835d9de34eaf9a8a6d6f38be1) Importer(815301076,1909f56bfc062723c751e8b465ee728b)  -> (artifact id: '1a708729014d75f455084f9f944a0021') in 0.022115 seconds 
========================================================================
Received Import Request.
  Time since last request: 0.000020 seconds.
  path: Assets/AllIn1SpriteShader/2DRenderer_URP/Demo/Prefabs/FloorTiles.prefab
  artifactKey: Guid(33e0dc056a04a1747bdddf9f5815d15b) Importer(815301076,1909f56bfc062723c751e8b465ee728b)
Start importing Assets/AllIn1SpriteShader/2DRenderer_URP/Demo/Prefabs/FloorTiles.prefab using Guid(33e0dc056a04a1747bdddf9f5815d15b) Importer(815301076,1909f56bfc062723c751e8b465ee728b)  -> (artifact id: 'a99f2bc4a374d98bb71264eb7f0094a8') in 0.019046 seconds 
Editor requested this worker to shutdown with reason: Scaling down because of idle timeout
AssetImportWorker is now disconnected from the server
Process exiting
Exiting without the bug reporter. Application will terminate with return code 0