Using pre-set license
Built from '2021.3/china_unity/release' branch; Version is '2021.3.21f1c1 (08fa194de70f) revision 588313'; Using compiler version '192829333'; Build Type 'Release'
OS: 'Windows 11  (10.0.22631) 64bit CoreCountrySpecific' Language: 'zh' Physical Memory: 16101 MB
BatchMode: 1, IsHumanControllingUs: 0, StartBugReporterOnCrash: 0, Is64bit: 1, IsPro: 1

COMMAND LINE ARGUMENTS:
D:\Program Files\2021.3.21f1c1\Editor\Unity.exe
-adb2
-batchMode
-noUpm
-name
AssetImportWorker4
-projectPath
C:/Users/lofnh/Documents/GitHub/Draconia/MyProject
-logFile
Logs/AssetImportWorker4.log
-srvPort
49499
Successfully changed project path to: C:/Users/lofnh/Documents/GitHub/Draconia/MyProject
C:/Users/lofnh/Documents/GitHub/Draconia/MyProject
[UnityMemory] Configuration Parameters - Can be set up in boot.config
    "memorysetup-bucket-allocator-granularity=16"
    "memorysetup-bucket-allocator-bucket-count=8"
    "memorysetup-bucket-allocator-block-size=33554432"
    "memorysetup-bucket-allocator-block-count=8"
    "memorysetup-main-allocator-block-size=16777216"
    "memorysetup-thread-allocator-block-size=16777216"
    "memorysetup-gfx-main-allocator-block-size=16777216"
    "memorysetup-gfx-thread-allocator-block-size=16777216"
    "memorysetup-cache-allocator-block-size=4194304"
    "memorysetup-typetree-allocator-block-size=2097152"
    "memorysetup-profiler-bucket-allocator-granularity=16"
    "memorysetup-profiler-bucket-allocator-bucket-count=8"
    "memorysetup-profiler-bucket-allocator-block-size=33554432"
    "memorysetup-profiler-bucket-allocator-block-count=8"
    "memorysetup-profiler-allocator-block-size=16777216"
    "memorysetup-profiler-editor-allocator-block-size=1048576"
    "memorysetup-temp-allocator-size-main=16777216"
    "memorysetup-job-temp-allocator-block-size=2097152"
    "memorysetup-job-temp-allocator-block-size-background=1048576"
    "memorysetup-job-temp-allocator-reduction-small-platforms=262144"
    "memorysetup-temp-allocator-size-background-worker=32768"
    "memorysetup-temp-allocator-size-job-worker=262144"
    "memorysetup-temp-allocator-size-preload-manager=33554432"
    "memorysetup-temp-allocator-size-nav-mesh-worker=65536"
    "memorysetup-temp-allocator-size-audio-worker=65536"
    "memorysetup-temp-allocator-size-cloud-worker=32768"
    "memorysetup-temp-allocator-size-gi-baking-worker=262144"
    "memorysetup-temp-allocator-size-gfx=262144"
Player connection [44984] Host "[IP] 192.168.123.10 [Port] 0 [Flags] 2 [Guid] 760216473 [EditorId] 760216473 [Version] 1048832 [Id] WindowsEditor(7,James_Workspace) [Debug] 1 [PackageName] WindowsEditor [ProjectName] Editor" joined multi-casting on [225.0.0.222:54997]...

Player connection [44984] Host "[IP] 192.168.123.10 [Port] 0 [Flags] 2 [Guid] 760216473 [EditorId] 760216473 [Version] 1048832 [Id] WindowsEditor(7,James_Workspace) [Debug] 1 [PackageName] WindowsEditor [ProjectName] Editor" joined alternative multi-casting on [225.0.0.222:34997]...

AS: AutoStreaming module initializing.
Refreshing native plugins compatible for Editor in 96.43 ms, found 4 plugins.
Preloading 0 native plugins for Editor in 0.00 ms.
Initialize engine version: 2021.3.21f1c1 (08fa194de70f)
[Subsystems] Discovering subsystems at path D:/Program Files/2021.3.21f1c1/Editor/Data/Resources/UnitySubsystems
[Subsystems] Discovering subsystems at path C:/Users/lofnh/Documents/GitHub/Draconia/MyProject/Assets
GfxDevice: creating device client; threaded=0; jobified=0
Direct3D:
    Version:  Direct3D 11.0 [level 11.1]
    Renderer: NVIDIA GeForce RTX 4070 Ti (ID=0x2782)
    Vendor:   NVIDIA
    VRAM:     12010 MB
    Driver:   31.0.15.3770
Initialize mono
Mono path[0] = 'D:/Program Files/2021.3.21f1c1/Editor/Data/Managed'
Mono path[1] = 'D:/Program Files/2021.3.21f1c1/Editor/Data/MonoBleedingEdge/lib/mono/unityjit-win32'
Mono config path = 'D:/Program Files/2021.3.21f1c1/Editor/Data/MonoBleedingEdge/etc'
Using monoOptions --debugger-agent=transport=dt_socket,embedding=1,server=y,suspend=n,address=127.0.0.1:56952
Begin MonoManager ReloadAssembly
Registering precompiled unity dll's ...
Register platform support module: D:/Program Files/2021.3.21f1c1/Editor/Data/PlaybackEngines/WebGLSupport/UnityEditor.WebGL.Extensions.dll
Register platform support module: D:/Program Files/2021.3.21f1c1/Editor/Data/PlaybackEngines/WindowsStandaloneSupport/UnityEditor.WindowsStandalone.Extensions.dll
Registered in 0.002260 seconds.
Native extension for WindowsStandalone target not found
Native extension for WebGL target not found
Refreshing native plugins compatible for Editor in 85.07 ms, found 4 plugins.
Preloading 0 native plugins for Editor in 0.00 ms.
Mono: successfully reloaded assembly
- Completed reload, in  0.428 seconds
Domain Reload Profiling:
	ReloadAssembly (428ms)
		BeginReloadAssembly (52ms)
			ExecutionOrderSort (0ms)
			DisableScriptedObjects (0ms)
			BackupInstance (0ms)
			ReleaseScriptingObjects (0ms)
			CreateAndSetChildDomain (1ms)
		EndReloadAssembly (315ms)
			LoadAssemblies (50ms)
			RebuildTransferFunctionScriptingTraits (0ms)
			SetupTypeCache (71ms)
			ReleaseScriptCaches (0ms)
			RebuildScriptCaches (16ms)
			SetupLoadedEditorAssemblies (193ms)
				LogAssemblyErrors (0ms)
				InitializePlatformSupportModulesInManaged (4ms)
				SetLoadedEditorAssemblies (0ms)
				RefreshPlugins (85ms)
				BeforeProcessingInitializeOnLoad (1ms)
				ProcessInitializeOnLoadAttributes (77ms)
				ProcessInitializeOnLoadMethodAttributes (26ms)
				AfterProcessingInitializeOnLoad (0ms)
				EditorAssembliesLoaded (0ms)
			ExecutionOrderSort2 (0ms)
			AwakeInstancesAfterBackupRestoration (0ms)
Platform modules already initialized, skipping
Registering precompiled user dll's ...
Registered in 0.017077 seconds.
Begin MonoManager ReloadAssembly
Symbol file data-0000028CC1F34010 doesn't match image C:\Users\lofnh\Documents\GitHub\Draconia\MyProject\Library\ScriptAssemblies\Assembly-CSharp.dll
Symbol file LoadedFromMemory is not a mono symbol file
Symbol file data-0000028CC058BC40 doesn't match image C:\Users\lofnh\Documents\GitHub\Draconia\MyProject\Library\ScriptAssemblies\Assembly-CSharp-Editor.dll
Symbol file LoadedFromMemory is not a mono symbol file
Symbol file LoadedFromMemory doesn't match image C:\Users\lofnh\Documents\GitHub\Draconia\MyProject\Library\PackageCache\com.unity.visualscripting@1.8.0\Editor\VisualScripting.Core\Dependencies\YamlDotNet\Unity.VisualScripting.YamlDotNet.dll
Symbol file LoadedFromMemory doesn't match image C:\Users\lofnh\Documents\GitHub\Draconia\MyProject\Library\PackageCache\com.unity.visualscripting@1.8.0\Editor\VisualScripting.Core\Dependencies\DotNetZip\Unity.VisualScripting.IonicZip.dll
Native extension for WindowsStandalone target not found
Native extension for WebGL target not found
Refreshing native plugins compatible for Editor in 88.88 ms, found 4 plugins.
Preloading 0 native plugins for Editor in 0.00 ms.
Launched and connected shader compiler UnityShaderCompiler.exe after 0.06 seconds
Mono: successfully reloaded assembly
- Completed reload, in  1.283 seconds
Domain Reload Profiling:
	ReloadAssembly (1283ms)
		BeginReloadAssembly (73ms)
			ExecutionOrderSort (0ms)
			DisableScriptedObjects (3ms)
			BackupInstance (0ms)
			ReleaseScriptingObjects (0ms)
			CreateAndSetChildDomain (13ms)
		EndReloadAssembly (1129ms)
			LoadAssemblies (141ms)
			RebuildTransferFunctionScriptingTraits (0ms)
			SetupTypeCache (195ms)
			ReleaseScriptCaches (0ms)
			RebuildScriptCaches (58ms)
			SetupLoadedEditorAssemblies (708ms)
				LogAssemblyErrors (0ms)
				InitializePlatformSupportModulesInManaged (3ms)
				SetLoadedEditorAssemblies (1ms)
				RefreshPlugins (89ms)
				BeforeProcessingInitializeOnLoad (68ms)
				ProcessInitializeOnLoadAttributes (317ms)
				ProcessInitializeOnLoadMethodAttributes (227ms)
				AfterProcessingInitializeOnLoad (3ms)
				EditorAssembliesLoaded (0ms)
			ExecutionOrderSort2 (0ms)
			AwakeInstancesAfterBackupRestoration (4ms)
Platform modules already initialized, skipping
========================================================================
Worker process is ready to serve import requests
Refreshing native plugins compatible for Editor in 0.88 ms, found 4 plugins.
Preloading 0 native plugins for Editor in 0.00 ms.
Unloading 6483 Unused Serialized files (Serialized files now loaded: 0)
Unloading 87 unused Assets / (2.7 MB). Loaded Objects now: 6972.
Memory consumption went from 258.4 MB to 255.7 MB.
Total: 12.218500 ms (FindLiveObjects: 0.355200 ms CreateObjectMapping: 0.139100 ms MarkObjects: 10.863700 ms  DeleteObjects: 0.859200 ms)

AssetImportParameters requested are different than current active one (requested -> active):
  custom:video-decoder-ogg-theora: a1e56fd34408186e4bbccfd4996cb3dc -> 
  custom:container-muxer-webm: aa71ff27fc2769a1b78a27578f13a17b -> 
  custom:container-demuxer-webm: 4f35f7cbe854078d1ac9338744f61a02 -> 
  custom:video-encoder-webm-vp8: eb34c28f22e8b96e1ab97ce403110664 -> 
  custom:video-codec-MediaFoundation-h265: 746d11721c4dcdbdad8f713fa42b33f4 -> 
  custom:audio-encoder-webm-vorbis: bf7c407c2cedff20999df2af8eb42d56 -> 
  custom:framework-win-MediaFoundation: 216162199b28c13a410421893ffa2e32 -> 
  custom:container-demuxer-ogg: 62fdf1f143b41e24485cea50d1cbac27 -> 
  custom:video-decoder-webm-vp8: 9c59270c3fd7afecdb556c50c9e8de78 -> 
  custom:audio-decoder-ogg-vorbis: bf7c407c2cedff20999df2af8eb42d56 -> 
========================================================================
Received Import Request.
  Time since last request: 1760633.991330 seconds.
  path: Assets/Resources/Art/新建文件夹/Irene 1.psb
  artifactKey: Guid(e776c14077f82524d95dc471aaa4ce8b) Importer(815301076,1909f56bfc062723c751e8b465ee728b)
Start importing Assets/Resources/Art/新建文件夹/Irene 1.psb using Guid(e776c14077f82524d95dc471aaa4ce8b) Importer(815301076,1909f56bfc062723c751e8b465ee728b)  -> (artifact id: '80e353c639f4a5910c68d5d156ef72d5') in 0.121932 seconds 
========================================================================
Received Import Request.
  Time since last request: 4.134237 seconds.
  path: Assets/Resources/Art/新建文件夹/Irene 2.psb
  artifactKey: Guid(d00390114f4169f4680f626a648eb771) Importer(815301076,1909f56bfc062723c751e8b465ee728b)
Start importing Assets/Resources/Art/新建文件夹/Irene 2.psb using Guid(d00390114f4169f4680f626a648eb771) Importer(815301076,1909f56bfc062723c751e8b465ee728b)  -> (artifact id: '598a4d21cc6aa7582b545489092232e5') in 0.091502 seconds 
========================================================================
Received Import Request.
  Time since last request: 3.934914 seconds.
  path: Assets/Resources/Art/新建文件夹/LOADING.psb
  artifactKey: Guid(2036b690e544f5b40aebcc313f7cb03c) Importer(815301076,1909f56bfc062723c751e8b465ee728b)
Start importing Assets/Resources/Art/新建文件夹/LOADING.psb using Guid(2036b690e544f5b40aebcc313f7cb03c) Importer(815301076,1909f56bfc062723c751e8b465ee728b)  -> (artifact id: '30dfe729b258124ef9420d525f754953') in 0.150886 seconds 
========================================================================
Received Import Request.
  Time since last request: 2.888219 seconds.
  path: Assets/Resources/Art/新建文件夹/rocket 1.psb
  artifactKey: Guid(6489eea479d20cf47b2a2bc1cfd901f4) Importer(815301076,1909f56bfc062723c751e8b465ee728b)
Start importing Assets/Resources/Art/新建文件夹/rocket 1.psb using Guid(6489eea479d20cf47b2a2bc1cfd901f4) Importer(815301076,1909f56bfc062723c751e8b465ee728b)  -> (artifact id: 'bbb26e0d3e2dc97ab33ff32ae80bf7fe') in 0.022801 seconds 
========================================================================
Received Import Request.
  Time since last request: 3.349804 seconds.
  path: Assets/Resources/Art/新建文件夹/Timbuktu 1.psb
  artifactKey: Guid(0a46d98b071f99847ab237a2d9bdbd47) Importer(815301076,1909f56bfc062723c751e8b465ee728b)
Start importing Assets/Resources/Art/新建文件夹/Timbuktu 1.psb using Guid(0a46d98b071f99847ab237a2d9bdbd47) Importer(815301076,1909f56bfc062723c751e8b465ee728b)  -> (artifact id: '25e060c982ae5422654051e486888964') in 0.033258 seconds 
========================================================================
Received Import Request.
  Time since last request: 7.617360 seconds.
  path: Assets/Resources/Art/新建文件夹/Zhouzhou 1.psb
  artifactKey: Guid(da48b449ace33994da80bf6ef3494c3f) Importer(815301076,1909f56bfc062723c751e8b465ee728b)
Start importing Assets/Resources/Art/新建文件夹/Zhouzhou 1.psb using Guid(da48b449ace33994da80bf6ef3494c3f) Importer(815301076,1909f56bfc062723c751e8b465ee728b)  -> (artifact id: 'd76b238a853ed23c6e0ce65be41f9249') in 0.050486 seconds 
========================================================================
Received Import Request.
  Time since last request: 4.393729 seconds.
  path: Assets/Resources/Art/新建文件夹/下拉动画02.psb
  artifactKey: Guid(e49abbbfa90f4244ea395170e79aefdb) Importer(815301076,1909f56bfc062723c751e8b465ee728b)
Start importing Assets/Resources/Art/新建文件夹/下拉动画02.psb using Guid(e49abbbfa90f4244ea395170e79aefdb) Importer(815301076,1909f56bfc062723c751e8b465ee728b)  -> (artifact id: '4cca10a4fc459ebeb53f7870f6a16e07') in 0.019480 seconds 
========================================================================
Received Import Request.
  Time since last request: 4.660692 seconds.
  path: Assets/Resources/Art/新建文件夹/下拉菜单动画01.psb
  artifactKey: Guid(8c94b1f63256c2847a9dec453d076ac2) Importer(815301076,1909f56bfc062723c751e8b465ee728b)
Start importing Assets/Resources/Art/新建文件夹/下拉菜单动画01.psb using Guid(8c94b1f63256c2847a9dec453d076ac2) Importer(815301076,1909f56bfc062723c751e8b465ee728b)  -> (artifact id: '87bd176092479e874d61ddc3d626dc4f') in 0.015006 seconds 
========================================================================
Received Import Request.
  Time since last request: 3.997970 seconds.
  path: Assets/Resources/Art/新建文件夹/前景底纹.psb
  artifactKey: Guid(49712c95cbbd9234b8dad25d5b24e536) Importer(815301076,1909f56bfc062723c751e8b465ee728b)
Start importing Assets/Resources/Art/新建文件夹/前景底纹.psb using Guid(49712c95cbbd9234b8dad25d5b24e536) Importer(815301076,1909f56bfc062723c751e8b465ee728b)  -> (artifact id: 'fc659a973213cc47891fb28bf289d8db') in 0.086605 seconds 
========================================================================
Received Import Request.
  Time since last request: 1.238532 seconds.
  path: Assets/Resources/Art/新建文件夹/升级卡动画.psb
  artifactKey: Guid(d8ea25affb7333942bb2007584b64fd0) Importer(815301076,1909f56bfc062723c751e8b465ee728b)
Start importing Assets/Resources/Art/新建文件夹/升级卡动画.psb using Guid(d8ea25affb7333942bb2007584b64fd0) Importer(815301076,1909f56bfc062723c751e8b465ee728b)  -> (artifact id: '39c241c1cb68b029b3179dd0f90511f5') in 0.007544 seconds 
========================================================================
Received Import Request.
  Time since last request: 4.571055 seconds.
  path: Assets/Resources/Art/新建文件夹/开关图标.psb
  artifactKey: Guid(45cc40a269d86484197136c56cd44c0a) Importer(815301076,1909f56bfc062723c751e8b465ee728b)
Start importing Assets/Resources/Art/新建文件夹/开关图标.psb using Guid(45cc40a269d86484197136c56cd44c0a) Importer(815301076,1909f56bfc062723c751e8b465ee728b)  -> (artifact id: '004731206902dcf797fe0031091ee874') in 0.021751 seconds 
========================================================================
Received Import Request.
  Time since last request: 42.772170 seconds.
  path: Assets/Resources/Art/Pointer/Pointer.psb
  artifactKey: Guid(24269a6edbcd84346a92bc12bf7f6456) Importer(815301076,1909f56bfc062723c751e8b465ee728b)
Start importing Assets/Resources/Art/Pointer/Pointer.psb using Guid(24269a6edbcd84346a92bc12bf7f6456) Importer(815301076,1909f56bfc062723c751e8b465ee728b)  -> (artifact id: 'd0a16c20cebe99ef6ffc7ffd4345c5bd') in 0.020563 seconds 
========================================================================
Received Import Request.
  Time since last request: 16.398627 seconds.
  path: Assets/Resources/Art/人物素材/Zhouzhou.spriteatlas
  artifactKey: Guid(f3a346eb568b54841bb6f6a300f0d048) Importer(815301076,1909f56bfc062723c751e8b465ee728b)
Start importing Assets/Resources/Art/人物素材/Zhouzhou.spriteatlas using Guid(f3a346eb568b54841bb6f6a300f0d048) Importer(815301076,1909f56bfc062723c751e8b465ee728b)  -> (artifact id: 'bb8c331fc45bc84c1ec5df684d9c3c4c') in 0.014753 seconds 
========================================================================
Received Import Request.
  Time since last request: 26.278684 seconds.
  path: Assets/Resources/Art/战斗界面素材/当前人物指示器动画.psb
  artifactKey: Guid(628e5094960e09341aeb3353131df73a) Importer(815301076,1909f56bfc062723c751e8b465ee728b)
Start importing Assets/Resources/Art/战斗界面素材/当前人物指示器动画.psb using Guid(628e5094960e09341aeb3353131df73a) Importer(815301076,1909f56bfc062723c751e8b465ee728b)  -> (artifact id: '0b3107f537640c1df71bc24888628db4') in 0.017929 seconds 
========================================================================
Received Import Request.
  Time since last request: 0.000020 seconds.
  path: Assets/Resources/Art/战斗界面素材/经验牌.psb
  artifactKey: Guid(a37371cd3ae0e084b86471129a7c93fd) Importer(815301076,1909f56bfc062723c751e8b465ee728b)
Start importing Assets/Resources/Art/战斗界面素材/经验牌.psb using Guid(a37371cd3ae0e084b86471129a7c93fd) Importer(815301076,1909f56bfc062723c751e8b465ee728b)  -> (artifact id: '278aefb8eea8ee6c2b2aa2675fbf8c29') in 0.019526 seconds 
========================================================================
Received Import Request.
  Time since last request: 17.631212 seconds.
  path: Assets/Resources/Art/新建文件夹/设置页面
  artifactKey: Guid(1d5dc448cfcd870498544f3cb2d30cd3) Importer(815301076,1909f56bfc062723c751e8b465ee728b)
Start importing Assets/Resources/Art/新建文件夹/设置页面 using Guid(1d5dc448cfcd870498544f3cb2d30cd3) Importer(815301076,1909f56bfc062723c751e8b465ee728b)  -> (artifact id: '5bfe3eeda7124a24805c2bde08210b0e') in 0.008221 seconds 
========================================================================
Received Import Request.
  Time since last request: 0.026181 seconds.
  path: Assets/Resources/Art/新建文件夹/设置页面/左右按钮.psb
  artifactKey: Guid(de5d27fa0d3badb4dbabc83e23457c54) Importer(815301076,1909f56bfc062723c751e8b465ee728b)
Start importing Assets/Resources/Art/新建文件夹/设置页面/左右按钮.psb using Guid(de5d27fa0d3badb4dbabc83e23457c54) Importer(815301076,1909f56bfc062723c751e8b465ee728b)  -> (artifact id: '9d2fefa033feaa33f6f80711bd65ad95') in 0.027232 seconds 
========================================================================
Received Import Request.
  Time since last request: 0.000020 seconds.
  path: Assets/Resources/Art/新建文件夹/设置页面/设置界面示意图.jpg
  artifactKey: Guid(611d986d8b7559242bddda7e1374655f) Importer(815301076,1909f56bfc062723c751e8b465ee728b)
Start importing Assets/Resources/Art/新建文件夹/设置页面/设置界面示意图.jpg using Guid(611d986d8b7559242bddda7e1374655f) Importer(815301076,1909f56bfc062723c751e8b465ee728b)  -> (artifact id: '465e532d8425ded327b83ffb327f4b59') in 0.067269 seconds 
========================================================================
Received Import Request.
  Time since last request: 0.000023 seconds.
  path: Assets/Resources/Art/新建文件夹/设置页面/设置界面示意图.psb
  artifactKey: Guid(ddad36900e949d248848cd7ae2a8521a) Importer(815301076,1909f56bfc062723c751e8b465ee728b)
Start importing Assets/Resources/Art/新建文件夹/设置页面/设置界面示意图.psb using Guid(ddad36900e949d248848cd7ae2a8521a) Importer(815301076,1909f56bfc062723c751e8b465ee728b)  -> (artifact id: 'c10acc59b428ac5744bf35d1b655ece5') in 0.144854 seconds 
========================================================================
Received Prepare
Registering precompiled user dll's ...
Registered in 0.019457 seconds.
Begin MonoManager ReloadAssembly
Symbol file data-0000028CBF0B7040 doesn't match image C:\Users\lofnh\Documents\GitHub\Draconia\MyProject\Library\ScriptAssemblies\Assembly-CSharp.dll
Symbol file LoadedFromMemory is not a mono symbol file
Symbol file data-0000028CC7D27010 doesn't match image C:\Users\lofnh\Documents\GitHub\Draconia\MyProject\Library\ScriptAssemblies\Assembly-CSharp-Editor.dll
Symbol file LoadedFromMemory is not a mono symbol file
Symbol file LoadedFromMemory doesn't match image C:\Users\lofnh\Documents\GitHub\Draconia\MyProject\Library\PackageCache\com.unity.visualscripting@1.8.0\Editor\VisualScripting.Core\Dependencies\YamlDotNet\Unity.VisualScripting.YamlDotNet.dll
Symbol file LoadedFromMemory doesn't match image C:\Users\lofnh\Documents\GitHub\Draconia\MyProject\Library\PackageCache\com.unity.visualscripting@1.8.0\Editor\VisualScripting.Core\Dependencies\DotNetZip\Unity.VisualScripting.IonicZip.dll
Native extension for WindowsStandalone target not found
Native extension for WebGL target not found
Refreshing native plugins compatible for Editor in 0.79 ms, found 4 plugins.
Preloading 0 native plugins for Editor in 0.00 ms.
Mono: successfully reloaded assembly
- Completed reload, in  0.990 seconds
Domain Reload Profiling:
	ReloadAssembly (991ms)
		BeginReloadAssembly (106ms)
			ExecutionOrderSort (0ms)
			DisableScriptedObjects (3ms)
			BackupInstance (0ms)
			ReleaseScriptingObjects (0ms)
			CreateAndSetChildDomain (37ms)
		EndReloadAssembly (819ms)
			LoadAssemblies (73ms)
			RebuildTransferFunctionScriptingTraits (0ms)
			SetupTypeCache (199ms)
			ReleaseScriptCaches (2ms)
			RebuildScriptCaches (34ms)
			SetupLoadedEditorAssemblies (479ms)
				LogAssemblyErrors (0ms)
				InitializePlatformSupportModulesInManaged (4ms)
				SetLoadedEditorAssemblies (0ms)
				RefreshPlugins (1ms)
				BeforeProcessingInitializeOnLoad (53ms)
				ProcessInitializeOnLoadAttributes (270ms)
				ProcessInitializeOnLoadMethodAttributes (147ms)
				AfterProcessingInitializeOnLoad (4ms)
				EditorAssembliesLoaded (0ms)
			ExecutionOrderSort2 (0ms)
			AwakeInstancesAfterBackupRestoration (7ms)
Platform modules already initialized, skipping
Refreshing native plugins compatible for Editor in 3.65 ms, found 4 plugins.
Preloading 0 native plugins for Editor in 0.00 ms.
Unloading 6371 Unused Serialized files (Serialized files now loaded: 0)
Unloading 76 unused Assets / (133.1 MB). Loaded Objects now: 7149.
Memory consumption went from 253.6 MB to 120.4 MB.
Total: 16.104200 ms (FindLiveObjects: 0.309000 ms CreateObjectMapping: 0.113000 ms MarkObjects: 9.981700 ms  DeleteObjects: 5.699400 ms)

AssetImportParameters requested are different than current active one (requested -> active):
  custom:video-decoder-ogg-theora: a1e56fd34408186e4bbccfd4996cb3dc -> 
  custom:container-muxer-webm: aa71ff27fc2769a1b78a27578f13a17b -> 
  custom:container-demuxer-webm: 4f35f7cbe854078d1ac9338744f61a02 -> 
  custom:video-encoder-webm-vp8: eb34c28f22e8b96e1ab97ce403110664 -> 
  custom:video-codec-MediaFoundation-h265: 746d11721c4dcdbdad8f713fa42b33f4 -> 
  custom:audio-encoder-webm-vorbis: bf7c407c2cedff20999df2af8eb42d56 -> 
  custom:framework-win-MediaFoundation: 216162199b28c13a410421893ffa2e32 -> 
  custom:container-demuxer-ogg: 62fdf1f143b41e24485cea50d1cbac27 -> 
  custom:video-decoder-webm-vp8: 9c59270c3fd7afecdb556c50c9e8de78 -> 
  custom:audio-decoder-ogg-vorbis: bf7c407c2cedff20999df2af8eb42d56 -> 
========================================================================
Received Prepare
Registering precompiled user dll's ...
Registered in 0.016334 seconds.
Begin MonoManager ReloadAssembly
Symbol file data-0000028CC5DD8030 doesn't match image C:\Users\lofnh\Documents\GitHub\Draconia\MyProject\Library\ScriptAssemblies\Assembly-CSharp.dll
Symbol file LoadedFromMemory is not a mono symbol file
Symbol file data-0000028CC4052030 doesn't match image C:\Users\lofnh\Documents\GitHub\Draconia\MyProject\Library\ScriptAssemblies\Assembly-CSharp-Editor.dll
Symbol file LoadedFromMemory is not a mono symbol file
Symbol file LoadedFromMemory doesn't match image C:\Users\lofnh\Documents\GitHub\Draconia\MyProject\Library\PackageCache\com.unity.visualscripting@1.8.0\Editor\VisualScripting.Core\Dependencies\YamlDotNet\Unity.VisualScripting.YamlDotNet.dll
Symbol file LoadedFromMemory doesn't match image C:\Users\lofnh\Documents\GitHub\Draconia\MyProject\Library\PackageCache\com.unity.visualscripting@1.8.0\Editor\VisualScripting.Core\Dependencies\DotNetZip\Unity.VisualScripting.IonicZip.dll
Native extension for WindowsStandalone target not found
Native extension for WebGL target not found
Refreshing native plugins compatible for Editor in 0.88 ms, found 4 plugins.
Preloading 0 native plugins for Editor in 0.00 ms.
Mono: successfully reloaded assembly
- Completed reload, in  1.023 seconds
Domain Reload Profiling:
	ReloadAssembly (1024ms)
		BeginReloadAssembly (109ms)
			ExecutionOrderSort (0ms)
			DisableScriptedObjects (3ms)
			BackupInstance (0ms)
			ReleaseScriptingObjects (0ms)
			CreateAndSetChildDomain (35ms)
		EndReloadAssembly (857ms)
			LoadAssemblies (78ms)
			RebuildTransferFunctionScriptingTraits (0ms)
			SetupTypeCache (242ms)
			ReleaseScriptCaches (2ms)
			RebuildScriptCaches (31ms)
			SetupLoadedEditorAssemblies (479ms)
				LogAssemblyErrors (0ms)
				InitializePlatformSupportModulesInManaged (4ms)
				SetLoadedEditorAssemblies (0ms)
				RefreshPlugins (1ms)
				BeforeProcessingInitializeOnLoad (54ms)
				ProcessInitializeOnLoadAttributes (277ms)
				ProcessInitializeOnLoadMethodAttributes (137ms)
				AfterProcessingInitializeOnLoad (6ms)
				EditorAssembliesLoaded (0ms)
			ExecutionOrderSort2 (0ms)
			AwakeInstancesAfterBackupRestoration (7ms)
Platform modules already initialized, skipping
Refreshing native plugins compatible for Editor in 3.67 ms, found 4 plugins.
Preloading 0 native plugins for Editor in 0.00 ms.
Unloading 6371 Unused Serialized files (Serialized files now loaded: 0)
Unloading 75 unused Assets / (2.7 MB). Loaded Objects now: 7152.
Memory consumption went from 253.6 MB to 250.9 MB.
Total: 11.473200 ms (FindLiveObjects: 0.298900 ms CreateObjectMapping: 0.122200 ms MarkObjects: 10.178900 ms  DeleteObjects: 0.872200 ms)

AssetImportParameters requested are different than current active one (requested -> active):
  custom:video-decoder-ogg-theora: a1e56fd34408186e4bbccfd4996cb3dc -> 
  custom:container-muxer-webm: aa71ff27fc2769a1b78a27578f13a17b -> 
  custom:container-demuxer-webm: 4f35f7cbe854078d1ac9338744f61a02 -> 
  custom:video-encoder-webm-vp8: eb34c28f22e8b96e1ab97ce403110664 -> 
  custom:video-codec-MediaFoundation-h265: 746d11721c4dcdbdad8f713fa42b33f4 -> 
  custom:audio-encoder-webm-vorbis: bf7c407c2cedff20999df2af8eb42d56 -> 
  custom:framework-win-MediaFoundation: 216162199b28c13a410421893ffa2e32 -> 
  custom:container-demuxer-ogg: 62fdf1f143b41e24485cea50d1cbac27 -> 
  custom:video-decoder-webm-vp8: 9c59270c3fd7afecdb556c50c9e8de78 -> 
  custom:audio-decoder-ogg-vorbis: bf7c407c2cedff20999df2af8eb42d56 -> 
