Using pre-set license
Built from '2021.3/china_unity/release' branch; Version is '2021.3.21f1c1 (08fa194de70f) revision 588313'; Using compiler version '192829333'; Build Type 'Release'
OS: 'Windows 11  (10.0.22631) 64bit CoreCountrySpecific' Language: 'zh' Physical Memory: 16101 MB
BatchMode: 1, IsHumanControllingUs: 0, StartBugReporterOnCrash: 0, Is64bit: 1, IsPro: 1

COMMAND LINE ARGUMENTS:
D:\Program Files\2021.3.21f1c1\Editor\Unity.exe
-adb2
-batchMode
-noUpm
-name
AssetImportWorker3
-projectPath
E:/Github/Draconia/MyProject
-logFile
Logs/AssetImportWorker3.log
-srvPort
58863
Successfully changed project path to: E:/Github/Draconia/MyProject
E:/Github/Draconia/MyProject
[UnityMemory] Configuration Parameters - Can be set up in boot.config
    "memorysetup-bucket-allocator-granularity=16"
    "memorysetup-bucket-allocator-bucket-count=8"
    "memorysetup-bucket-allocator-block-size=33554432"
    "memorysetup-bucket-allocator-block-count=8"
    "memorysetup-main-allocator-block-size=16777216"
    "memorysetup-thread-allocator-block-size=16777216"
    "memorysetup-gfx-main-allocator-block-size=16777216"
    "memorysetup-gfx-thread-allocator-block-size=16777216"
    "memorysetup-cache-allocator-block-size=4194304"
    "memorysetup-typetree-allocator-block-size=2097152"
    "memorysetup-profiler-bucket-allocator-granularity=16"
    "memorysetup-profiler-bucket-allocator-bucket-count=8"
    "memorysetup-profiler-bucket-allocator-block-size=33554432"
    "memorysetup-profiler-bucket-allocator-block-count=8"
    "memorysetup-profiler-allocator-block-size=16777216"
    "memorysetup-profiler-editor-allocator-block-size=1048576"
    "memorysetup-temp-allocator-size-main=16777216"
    "memorysetup-job-temp-allocator-block-size=2097152"
    "memorysetup-job-temp-allocator-block-size-background=1048576"
    "memorysetup-job-temp-allocator-reduction-small-platforms=262144"
    "memorysetup-temp-allocator-size-background-worker=32768"
    "memorysetup-temp-allocator-size-job-worker=262144"
    "memorysetup-temp-allocator-size-preload-manager=33554432"
    "memorysetup-temp-allocator-size-nav-mesh-worker=65536"
    "memorysetup-temp-allocator-size-audio-worker=65536"
    "memorysetup-temp-allocator-size-cloud-worker=32768"
    "memorysetup-temp-allocator-size-gi-baking-worker=262144"
    "memorysetup-temp-allocator-size-gfx=262144"
Player connection [19240] Host "[IP] 169.254.38.146 [Port] 0 [Flags] 2 [Guid] 3660455486 [EditorId] 3660455486 [Version] 1048832 [Id] WindowsEditor(7,James_Workspace) [Debug] 1 [PackageName] WindowsEditor [ProjectName] Editor" joined multi-casting on [225.0.0.222:54997]...

Player connection [19240] Host "[IP] 169.254.38.146 [Port] 0 [Flags] 2 [Guid] 3660455486 [EditorId] 3660455486 [Version] 1048832 [Id] WindowsEditor(7,James_Workspace) [Debug] 1 [PackageName] WindowsEditor [ProjectName] Editor" joined alternative multi-casting on [225.0.0.222:34997]...

AS: AutoStreaming module initializing.
Refreshing native plugins compatible for Editor in 95.34 ms, found 4 plugins.
Preloading 0 native plugins for Editor in 0.00 ms.
Initialize engine version: 2021.3.21f1c1 (08fa194de70f)
[Subsystems] Discovering subsystems at path D:/Program Files/2021.3.21f1c1/Editor/Data/Resources/UnitySubsystems
[Subsystems] Discovering subsystems at path E:/Github/Draconia/MyProject/Assets
GfxDevice: creating device client; threaded=0; jobified=0
Direct3D:
    Version:  Direct3D 11.0 [level 11.1]
    Renderer: NVIDIA GeForce RTX 4070 Ti (ID=0x2782)
    Vendor:   NVIDIA
    VRAM:     11996 MB
    Driver:   31.0.15.5222
Initialize mono
Mono path[0] = 'D:/Program Files/2021.3.21f1c1/Editor/Data/Managed'
Mono path[1] = 'D:/Program Files/2021.3.21f1c1/Editor/Data/MonoBleedingEdge/lib/mono/unityjit-win32'
Mono config path = 'D:/Program Files/2021.3.21f1c1/Editor/Data/MonoBleedingEdge/etc'
Using monoOptions --debugger-agent=transport=dt_socket,embedding=1,server=y,suspend=n,address=127.0.0.1:56852
Begin MonoManager ReloadAssembly
Registering precompiled unity dll's ...
Register platform support module: D:/Program Files/2021.3.21f1c1/Editor/Data/PlaybackEngines/WebGLSupport/UnityEditor.WebGL.Extensions.dll
Register platform support module: D:/Program Files/2021.3.21f1c1/Editor/Data/PlaybackEngines/WindowsStandaloneSupport/UnityEditor.WindowsStandalone.Extensions.dll
Registered in 0.005333 seconds.
Native extension for WindowsStandalone target not found
Native extension for WebGL target not found
Refreshing native plugins compatible for Editor in 78.04 ms, found 4 plugins.
Preloading 0 native plugins for Editor in 0.00 ms.
Mono: successfully reloaded assembly
- Completed reload, in  0.557 seconds
Domain Reload Profiling:
	ReloadAssembly (557ms)
		BeginReloadAssembly (222ms)
			ExecutionOrderSort (0ms)
			DisableScriptedObjects (0ms)
			BackupInstance (0ms)
			ReleaseScriptingObjects (0ms)
			CreateAndSetChildDomain (0ms)
		EndReloadAssembly (276ms)
			LoadAssemblies (220ms)
			RebuildTransferFunctionScriptingTraits (0ms)
			SetupTypeCache (55ms)
			ReleaseScriptCaches (0ms)
			RebuildScriptCaches (15ms)
			SetupLoadedEditorAssemblies (174ms)
				LogAssemblyErrors (0ms)
				InitializePlatformSupportModulesInManaged (5ms)
				SetLoadedEditorAssemblies (0ms)
				RefreshPlugins (78ms)
				BeforeProcessingInitializeOnLoad (1ms)
				ProcessInitializeOnLoadAttributes (65ms)
				ProcessInitializeOnLoadMethodAttributes (25ms)
				AfterProcessingInitializeOnLoad (0ms)
				EditorAssembliesLoaded (0ms)
			ExecutionOrderSort2 (0ms)
			AwakeInstancesAfterBackupRestoration (0ms)
Platform modules already initialized, skipping
Registering precompiled user dll's ...
Registered in 0.028427 seconds.
Begin MonoManager ReloadAssembly
Symbol file data-00000293D0747960 doesn't match image E:\Github\Draconia\MyProject\Library\ScriptAssemblies\Unity.InternalAPIEngineBridge.001.dll
Symbol file LoadedFromMemory is not a mono symbol file
Symbol file data-00000293D0747960 doesn't match image E:\Github\Draconia\MyProject\Library\ScriptAssemblies\Unity.2D.PixelPerfect.dll
Symbol file LoadedFromMemory is not a mono symbol file
Symbol file data-00000293D0747960 doesn't match image E:\Github\Draconia\MyProject\Library\ScriptAssemblies\Unity.RenderPipelines.Universal.Shaders.dll
Symbol file LoadedFromMemory is not a mono symbol file
Symbol file data-00000293CFF95450 doesn't match image E:\Github\Draconia\MyProject\Library\ScriptAssemblies\PsdPlugin.dll
Symbol file LoadedFromMemory is not a mono symbol file
Symbol file data-00000293CFF95450 doesn't match image E:\Github\Draconia\MyProject\Library\ScriptAssemblies\Unity.TextMeshPro.Editor.dll
Symbol file LoadedFromMemory is not a mono symbol file
Symbol file data-00000293CFAC6890 doesn't match image E:\Github\Draconia\MyProject\Library\ScriptAssemblies\spine-unity-examples.dll
Symbol file LoadedFromMemory is not a mono symbol file
Symbol file data-00000293CFADBEA0 doesn't match image E:\Github\Draconia\MyProject\Library\ScriptAssemblies\Unity.VisualScripting.State.Editor.dll
Symbol file LoadedFromMemory is not a mono symbol file
Symbol file data-00000293CFFAEC60 doesn't match image E:\Github\Draconia\MyProject\Library\ScriptAssemblies\Unity.Searcher.Editor.dll
Symbol file LoadedFromMemory is not a mono symbol file
Symbol file data-00000293D04AC260 doesn't match image E:\Github\Draconia\MyProject\Library\ScriptAssemblies\Unity.2D.Path.Editor.dll
Symbol file LoadedFromMemory is not a mono symbol file
Symbol file data-00000293D0747960 doesn't match image E:\Github\Draconia\MyProject\Library\ScriptAssemblies\Unity.VisualScripting.SettingsProvider.Editor.dll
Symbol file LoadedFromMemory is not a mono symbol file
Symbol file data-00000293D04AC260 doesn't match image E:\Github\Draconia\MyProject\Library\ScriptAssemblies\UnityEditor.UI.dll
Symbol file LoadedFromMemory is not a mono symbol file
Symbol file data-00000293D0747960 doesn't match image E:\Github\Draconia\MyProject\Library\ScriptAssemblies\Unity.ShaderGraph.Utilities.dll
Symbol file LoadedFromMemory is not a mono symbol file
Symbol file data-00000293D0747960 doesn't match image E:\Github\Draconia\MyProject\Library\ScriptAssemblies\Unity.RenderPipelines.Core.ShaderLibrary.dll
Symbol file LoadedFromMemory is not a mono symbol file
Symbol file data-00000293CDCB49B0 doesn't match image E:\Github\Draconia\MyProject\Library\ScriptAssemblies\Sirenix.OdinInspector.Modules.UnityMathematics.dll
Symbol file LoadedFromMemory is not a mono symbol file
Symbol file data-00000293CEA7DED0 doesn't match image E:\Github\Draconia\MyProject\Library\ScriptAssemblies\UnityEngine.UI.dll
Symbol file LoadedFromMemory is not a mono symbol file
Symbol file data-00000293CDCF1FC0 doesn't match image E:\Github\Draconia\MyProject\Library\ScriptAssemblies\Unity.2D.IK.Runtime.dll
Symbol file LoadedFromMemory is not a mono symbol file
Symbol file data-00000293CEA7DED0 doesn't match image E:\Github\Draconia\MyProject\Library\ScriptAssemblies\Unity.ShaderGraph.Editor.dll
Symbol file LoadedFromMemory is not a mono symbol file
Symbol file data-00000293D03EA680 doesn't match image E:\Github\Draconia\MyProject\Library\ScriptAssemblies\AllIn1SpriteShaderAssembly.dll
Symbol file LoadedFromMemory is not a mono symbol file
Symbol file data-00000293CDCF1FC0 doesn't match image E:\Github\Draconia\MyProject\Library\ScriptAssemblies\AudioKit.dll
Symbol file LoadedFromMemory is not a mono symbol file
Symbol file data-00000293CDCF1FC0 doesn't match image E:\Github\Draconia\MyProject\Library\ScriptAssemblies\Unity.RenderPipeline.Universal.ShaderLibrary.dll
Symbol file LoadedFromMemory is not a mono symbol file
Symbol file data-00000293CDCF1FC0 doesn't match image E:\Github\Draconia\MyProject\Library\ScriptAssemblies\Unity.CollabProxy.Editor.dll
Symbol file LoadedFromMemory is not a mono symbol file
Symbol file data-00000293D03F3A90 doesn't match image E:\Github\Draconia\MyProject\Library\ScriptAssemblies\Unity.Mathematics.Editor.dll
Symbol file LoadedFromMemory is not a mono symbol file
Symbol file data-00000293D03F80A0 doesn't match image E:\Github\Draconia\MyProject\Library\ScriptAssemblies\QFramework.dll
Symbol file LoadedFromMemory is not a mono symbol file
Symbol file data-00000293D0400AB0 doesn't match image E:\Github\Draconia\MyProject\Library\ScriptAssemblies\Unity.2D.Common.Editor.dll
Symbol file LoadedFromMemory is not a mono symbol file
Symbol file data-00000293D0400AB0 doesn't match image E:\Github\Draconia\MyProject\Library\ScriptAssemblies\QFramework.CoreKit.dll
Symbol file LoadedFromMemory is not a mono symbol file
Symbol file data-00000293D040A0C0 doesn't match image E:\Github\Draconia\MyProject\Library\ScriptAssemblies\Unity.2D.Tilemap.Extras.dll
Symbol file LoadedFromMemory is not a mono symbol file
Symbol file data-00000293D040A0C0 doesn't match image E:\Github\Draconia\MyProject\Library\ScriptAssemblies\Unity.VisualScripting.Flow.Editor.dll
Symbol file LoadedFromMemory is not a mono symbol file
Symbol file data-00000293CEAED8E0 doesn't match image E:\Github\Draconia\MyProject\Library\ScriptAssemblies\spine-unity-examples-editor.dll
Symbol file LoadedFromMemory is not a mono symbol file
Symbol file data-00000293D0246030 doesn't match image E:\Github\Draconia\MyProject\Library\ScriptAssemblies\Unity.2D.Animation.Editor.dll
Symbol file LoadedFromMemory is not a mono symbol file
Symbol file data-00000293D042A0D0 doesn't match image E:\Github\Draconia\MyProject\Library\ScriptAssemblies\Unity.2D.Tilemap.Editor.dll
Symbol file LoadedFromMemory is not a mono symbol file
Symbol file data-00000293D05BBC20 doesn't match image E:\Github\Draconia\MyProject\Library\ScriptAssemblies\ResKit.dll
Symbol file LoadedFromMemory is not a mono symbol file
Symbol file data-00000293D05BBC20 doesn't match image E:\Github\Draconia\MyProject\Library\ScriptAssemblies\Unity.RenderPipelines.Universal.Runtime.dll
Symbol file LoadedFromMemory is not a mono symbol file
Symbol file data-00000293CEAED8E0 doesn't match image E:\Github\Draconia\MyProject\Library\ScriptAssemblies\PPv2URPConverters.dll
Symbol file LoadedFromMemory is not a mono symbol file
Symbol file data-00000293D05C9A60 doesn't match image E:\Github\Draconia\MyProject\Library\ScriptAssemblies\spine-unity.dll
Symbol file LoadedFromMemory is not a mono symbol file
Symbol file data-00000293D05EA670 doesn't match image E:\Github\Draconia\MyProject\Library\ScriptAssemblies\Unity.Timeline.dll
Symbol file LoadedFromMemory is not a mono symbol file
Symbol file data-00000293CE5C08B0 doesn't match image E:\Github\Draconia\MyProject\Library\ScriptAssemblies\Unity.VisualScripting.Core.Editor.dll
Symbol file LoadedFromMemory is not a mono symbol file
Symbol file data-00000293CE61F6C0 doesn't match image E:\Github\Draconia\MyProject\Library\ScriptAssemblies\Unity.TextMeshPro.dll
Symbol file LoadedFromMemory is not a mono symbol file
Symbol file data-00000293D05EA670 doesn't match image E:\Github\Draconia\MyProject\Library\ScriptAssemblies\Unity.Burst.Editor.dll
Symbol file LoadedFromMemory is not a mono symbol file
Symbol file data-00000293D05EA670 doesn't match image E:\Github\Draconia\MyProject\Library\ScriptAssemblies\Unity.2D.Sprite.Editor.dll
Symbol file LoadedFromMemory is not a mono symbol file
Symbol file data-00000293CE64A0D0 doesn't match image E:\Github\Draconia\MyProject\Library\ScriptAssemblies\Unity.2D.Psdimporter.Editor.dll
Symbol file LoadedFromMemory is not a mono symbol file
Symbol file data-00000293D01B1850 doesn't match image E:\Github\Draconia\MyProject\Library\ScriptAssemblies\Unity.InternalAPIEditorBridge.001.dll
Symbol file LoadedFromMemory is not a mono symbol file
Symbol file data-00000293CDCF9C80 doesn't match image E:\Github\Draconia\MyProject\Library\ScriptAssemblies\Unity.RenderPipelines.Core.Runtime.dll
Symbol file LoadedFromMemory is not a mono symbol file
Symbol file data-00000293CE64A0D0 doesn't match image E:\Github\Draconia\MyProject\Library\ScriptAssemblies\Unity.VisualScripting.Flow.dll
Symbol file LoadedFromMemory is not a mono symbol file
Symbol file data-00000293D0276E50 doesn't match image E:\Github\Draconia\MyProject\Library\ScriptAssemblies\Unity.2D.Tilemap.Extras.Editor.dll
Symbol file LoadedFromMemory is not a mono symbol file
Symbol file data-00000293CE66B4F0 doesn't match image E:\Github\Draconia\MyProject\Library\ScriptAssemblies\UIKit.dll
Symbol file LoadedFromMemory is not a mono symbol file
Symbol file data-00000293CDE9D6B0 doesn't match image E:\Github\Draconia\MyProject\Library\ScriptAssemblies\Unity.VisualScripting.Core.dll
Symbol file LoadedFromMemory is not a mono symbol file
Symbol file data-00000293D01B1850 doesn't match image E:\Github\Draconia\MyProject\Library\ScriptAssemblies\ResKit.Editor.dll
Symbol file LoadedFromMemory is not a mono symbol file
Symbol file data-00000293CDF4F6C0 doesn't match image E:\Github\Draconia\MyProject\Library\ScriptAssemblies\Unity.Mathematics.dll
Symbol file LoadedFromMemory is not a mono symbol file
Symbol file data-00000293CDFCBE30 doesn't match image E:\Github\Draconia\MyProject\Library\ScriptAssemblies\Unity.RenderPipelines.Universal.Editor.dll
Symbol file LoadedFromMemory is not a mono symbol file
Symbol file data-00000293D01B1850 doesn't match image E:\Github\Draconia\MyProject\Library\ScriptAssemblies\Unity.VisualScripting.Shared.Editor.dll
Symbol file LoadedFromMemory is not a mono symbol file
Symbol file data-00000293D01B1850 doesn't match image E:\Github\Draconia\MyProject\Library\ScriptAssemblies\Unity.2D.Animation.Runtime.dll
Symbol file LoadedFromMemory is not a mono symbol file
Symbol file data-00000293D184BA70 doesn't match image E:\Github\Draconia\MyProject\Library\ScriptAssemblies\Unity.Timeline.Editor.dll
Symbol file LoadedFromMemory is not a mono symbol file
Symbol file data-00000293D0276E50 doesn't match image E:\Github\Draconia\MyProject\Library\ScriptAssemblies\Unity.RenderPipelines.ShaderGraph.ShaderGraphLibrary.dll
Symbol file LoadedFromMemory is not a mono symbol file
Symbol file data-00000293CDFD7240 doesn't match image E:\Github\Draconia\MyProject\Library\ScriptAssemblies\Unity.2D.Common.Runtime.dll
Symbol file LoadedFromMemory is not a mono symbol file
Symbol file data-00000293CDFDE050 doesn't match image E:\Github\Draconia\MyProject\Library\ScriptAssemblies\UIKit.Editor.dll
Symbol file LoadedFromMemory is not a mono symbol file
Symbol file data-00000293CDFF2460 doesn't match image E:\Github\Draconia\MyProject\Library\ScriptAssemblies\Unity.2D.SpriteShape.Editor.dll
Symbol file LoadedFromMemory is not a mono symbol file
Symbol file data-00000293CDC6C290 doesn't match image E:\Github\Draconia\MyProject\Library\ScriptAssemblies\spine-unity-editor.dll
Symbol file LoadedFromMemory is not a mono symbol file
Symbol file data-00000293D1911690 doesn't match image E:\Github\Draconia\MyProject\Library\ScriptAssemblies\Unity.RenderPipelines.Core.Editor.dll
Symbol file LoadedFromMemory is not a mono symbol file
Symbol file data-00000293CDFF2460 doesn't match image E:\Github\Draconia\MyProject\Library\ScriptAssemblies\Unity.2D.SpriteShape.Runtime.dll
Symbol file LoadedFromMemory is not a mono symbol file
Symbol file data-00000293CDFF8E70 doesn't match image E:\Github\Draconia\MyProject\Library\ScriptAssemblies\Unity.VisualScripting.State.dll
Symbol file LoadedFromMemory is not a mono symbol file
Symbol file LoadedFromMemory doesn't match image E:\Github\Draconia\MyProject\Library\PackageCache\com.unity.visualscripting@1.8.0\Editor\VisualScripting.Core\Dependencies\YamlDotNet\Unity.VisualScripting.YamlDotNet.dll
Symbol file LoadedFromMemory doesn't match image E:\Github\Draconia\MyProject\Library\PackageCache\com.unity.visualscripting@1.8.0\Editor\VisualScripting.Core\Dependencies\DotNetZip\Unity.VisualScripting.IonicZip.dll
Native extension for WindowsStandalone target not found
Native extension for WebGL target not found
Refreshing native plugins compatible for Editor in 82.31 ms, found 4 plugins.
Preloading 0 native plugins for Editor in 0.00 ms.
Launched and connected shader compiler UnityShaderCompiler.exe after 0.09 seconds
Mono: successfully reloaded assembly
- Completed reload, in  1.451 seconds
Domain Reload Profiling:
	ReloadAssembly (1451ms)
		BeginReloadAssembly (257ms)
			ExecutionOrderSort (0ms)
			DisableScriptedObjects (3ms)
			BackupInstance (0ms)
			ReleaseScriptingObjects (0ms)
			CreateAndSetChildDomain (11ms)
		EndReloadAssembly (1110ms)
			LoadAssemblies (316ms)
			RebuildTransferFunctionScriptingTraits (0ms)
			SetupTypeCache (196ms)
			ReleaseScriptCaches (0ms)
			RebuildScriptCaches (52ms)
			SetupLoadedEditorAssemblies (708ms)
				LogAssemblyErrors (0ms)
				InitializePlatformSupportModulesInManaged (3ms)
				SetLoadedEditorAssemblies (0ms)
				RefreshPlugins (82ms)
				BeforeProcessingInitializeOnLoad (61ms)
				ProcessInitializeOnLoadAttributes (312ms)
				ProcessInitializeOnLoadMethodAttributes (245ms)
				AfterProcessingInitializeOnLoad (5ms)
				EditorAssembliesLoaded (0ms)
			ExecutionOrderSort2 (0ms)
			AwakeInstancesAfterBackupRestoration (5ms)
Platform modules already initialized, skipping
========================================================================
Worker process is ready to serve import requests
Refreshing native plugins compatible for Editor in 0.85 ms, found 4 plugins.
Preloading 0 native plugins for Editor in 0.00 ms.
Unloading 6539 Unused Serialized files (Serialized files now loaded: 0)
Unloading 88 unused Assets / (2.8 MB). Loaded Objects now: 7028.
Memory consumption went from 259.9 MB to 257.1 MB.
Total: 11.580000 ms (FindLiveObjects: 0.311100 ms CreateObjectMapping: 0.123000 ms MarkObjects: 10.338300 ms  DeleteObjects: 0.806500 ms)

AssetImportParameters requested are different than current active one (requested -> active):
  custom:video-decoder-ogg-theora: a1e56fd34408186e4bbccfd4996cb3dc -> 
  custom:container-muxer-webm: aa71ff27fc2769a1b78a27578f13a17b -> 
  custom:container-demuxer-webm: 4f35f7cbe854078d1ac9338744f61a02 -> 
  custom:video-encoder-webm-vp8: eb34c28f22e8b96e1ab97ce403110664 -> 
  custom:video-codec-MediaFoundation-h265: 746d11721c4dcdbdad8f713fa42b33f4 -> 
  custom:audio-encoder-webm-vorbis: bf7c407c2cedff20999df2af8eb42d56 -> 
  custom:framework-win-MediaFoundation: 216162199b28c13a410421893ffa2e32 -> 
  custom:container-demuxer-ogg: 62fdf1f143b41e24485cea50d1cbac27 -> 
  custom:video-decoder-webm-vp8: 9c59270c3fd7afecdb556c50c9e8de78 -> 
  custom:audio-decoder-ogg-vorbis: bf7c407c2cedff20999df2af8eb42d56 -> 
========================================================================
Received Import Request.
  Time since last request: 628476.592708 seconds.
  path: Assets/_Resources/Art/_UI界面/商店界面素材/商店界面预览.psb
  artifactKey: Guid(1b643d4ff3232884da14cdb97afbc2b8) Importer(815301076,1909f56bfc062723c751e8b465ee728b)
Start importing Assets/_Resources/Art/_UI界面/商店界面素材/商店界面预览.psb using Guid(1b643d4ff3232884da14cdb97afbc2b8) Importer(815301076,1909f56bfc062723c751e8b465ee728b)  -> (artifact id: 'f2f6366341915bccd20eb1880051b19a') in 0.264386 seconds 
========================================================================
Received Import Request.
  Time since last request: 2.182152 seconds.
  path: Assets/_Resources/Art/_UI界面/战斗界面素材/升级特效.psb
  artifactKey: Guid(45d7d2c40c4fb654890643648cb6234a) Importer(815301076,1909f56bfc062723c751e8b465ee728b)
Start importing Assets/_Resources/Art/_UI界面/战斗界面素材/升级特效.psb using Guid(45d7d2c40c4fb654890643648cb6234a) Importer(815301076,1909f56bfc062723c751e8b465ee728b)  -> (artifact id: '7b072f1a12f3cf1f0b931429148321f7') in 0.081353 seconds 
========================================================================
Received Import Request.
  Time since last request: 0.000036 seconds.
  path: Assets/_Resources/Art/_UI界面/战斗界面素材/时间条.png
  artifactKey: Guid(f0ba15777f8818f4999d6ccf6ee7a533) Importer(815301076,1909f56bfc062723c751e8b465ee728b)
Start importing Assets/_Resources/Art/_UI界面/战斗界面素材/时间条.png using Guid(f0ba15777f8818f4999d6ccf6ee7a533) Importer(815301076,1909f56bfc062723c751e8b465ee728b)  -> (artifact id: '06da3464e0434ea57d9f278bdbe35878') in 0.065080 seconds 
========================================================================
Received Import Request.
  Time since last request: 0.000041 seconds.
  path: Assets/_Resources/Art/_UI界面/战斗界面素材/查看牌库 - 预览 .psb
  artifactKey: Guid(41eef95f63b1e564f9efa767a2f3d116) Importer(815301076,1909f56bfc062723c751e8b465ee728b)
Start importing Assets/_Resources/Art/_UI界面/战斗界面素材/查看牌库 - 预览 .psb using Guid(41eef95f63b1e564f9efa767a2f3d116) Importer(815301076,1909f56bfc062723c751e8b465ee728b)  -> (artifact id: '1bc94b211b0ed66a4e07ac935599cc51') in 0.116586 seconds 
========================================================================
Received Import Request.
  Time since last request: 0.759621 seconds.
  path: Assets/_Resources/Art/_UI界面/战斗界面素材/鼠标怪物指示动画.psb
  artifactKey: Guid(bc5a91b6690b2f948aae700e0287202b) Importer(815301076,1909f56bfc062723c751e8b465ee728b)
Start importing Assets/_Resources/Art/_UI界面/战斗界面素材/鼠标怪物指示动画.psb using Guid(bc5a91b6690b2f948aae700e0287202b) Importer(815301076,1909f56bfc062723c751e8b465ee728b)  -> (artifact id: '487a1dbaeaae7d78605fb4c33f9e96e1') in 0.044455 seconds 
========================================================================
Received Import Request.
  Time since last request: 12.659733 seconds.
  path: Assets/_Resources/Art/MapPanel/地图格子.psb
  artifactKey: Guid(ec24e4862b49e8f48bcf599e6ce24c26) Importer(815301076,1909f56bfc062723c751e8b465ee728b)
Start importing Assets/_Resources/Art/MapPanel/地图格子.psb using Guid(ec24e4862b49e8f48bcf599e6ce24c26) Importer(815301076,1909f56bfc062723c751e8b465ee728b)  -> (artifact id: 'fda491d45bf79e256f73fac325468464') in 0.143891 seconds 
========================================================================
Received Import Request.
  Time since last request: 0.000024 seconds.
  path: Assets/_Resources/Art/MapPanel/道具卡按钮.psb
  artifactKey: Guid(06a7bfaf93bb0cc45a117bac11ec0cc7) Importer(815301076,1909f56bfc062723c751e8b465ee728b)
Start importing Assets/_Resources/Art/MapPanel/道具卡按钮.psb using Guid(06a7bfaf93bb0cc45a117bac11ec0cc7) Importer(815301076,1909f56bfc062723c751e8b465ee728b)  -> (artifact id: '4eb8c772a96e746aed6dc0efccf7e7d5') in 0.050510 seconds 
========================================================================
Received Import Request.
  Time since last request: 5.968439 seconds.
  path: Assets/_Resources/Art/UI素材/Prefab/CharacterButton.prefab
  artifactKey: Guid(3ee379aeb93ce794a81748abcb0c94c9) Importer(815301076,1909f56bfc062723c751e8b465ee728b)
Start importing Assets/_Resources/Art/UI素材/Prefab/CharacterButton.prefab using Guid(3ee379aeb93ce794a81748abcb0c94c9) Importer(815301076,1909f56bfc062723c751e8b465ee728b)  -> (artifact id: '5036529d1abab247da5404654dcd8e12') in 0.028200 seconds 
========================================================================
Received Import Request.
  Time since last request: 0.000036 seconds.
  path: Assets/_Resources/Art/UI素材/Prefab/Tile.prefab
  artifactKey: Guid(2d71e6d0b5d971b4899d033ec780fee2) Importer(815301076,1909f56bfc062723c751e8b465ee728b)
Start importing Assets/_Resources/Art/UI素材/Prefab/Tile.prefab using Guid(2d71e6d0b5d971b4899d033ec780fee2) Importer(815301076,1909f56bfc062723c751e8b465ee728b)  -> (artifact id: '67a2d83a8964f640257110017841fd4b') in 0.835133 seconds 
========================================================================
Received Import Request.
  Time since last request: 0.831124 seconds.
  path: Assets/_Resources/Art/UI素材/牌库ui/牌库素材.psd
  artifactKey: Guid(0a5c5f4c538ee8f4e8cb8e7b83dee6aa) Importer(815301076,1909f56bfc062723c751e8b465ee728b)
Start importing Assets/_Resources/Art/UI素材/牌库ui/牌库素材.psd using Guid(0a5c5f4c538ee8f4e8cb8e7b83dee6aa) Importer(815301076,1909f56bfc062723c751e8b465ee728b)  -> (artifact id: '9f2250165d185b9b0b3568c7e5a823da') in 0.089433 seconds 
========================================================================
Received Import Request.
  Time since last request: 58.968138 seconds.
  path: Assets/_Resources/Art/_UI界面/战斗界面素材/Buff/buff_蓄力.png
  artifactKey: Guid(59e663b7de9c0b941bdee2b51e77b10d) Importer(815301076,1909f56bfc062723c751e8b465ee728b)
Start importing Assets/_Resources/Art/_UI界面/战斗界面素材/Buff/buff_蓄力.png using Guid(59e663b7de9c0b941bdee2b51e77b10d) Importer(815301076,1909f56bfc062723c751e8b465ee728b)  -> (artifact id: '231761f521fbd4bec485d5ed37eb0b99') in 0.020029 seconds 
========================================================================
Received Import Request.
  Time since last request: 1.521431 seconds.
  path: Assets/_Resources/Art/_UI界面/战斗界面素材/前景底纹/Frontground_Zhouzhou.png
  artifactKey: Guid(25e713c65537a074592b8fdb1b4b3ec8) Importer(815301076,1909f56bfc062723c751e8b465ee728b)
Start importing Assets/_Resources/Art/_UI界面/战斗界面素材/前景底纹/Frontground_Zhouzhou.png using Guid(25e713c65537a074592b8fdb1b4b3ec8) Importer(815301076,1909f56bfc062723c751e8b465ee728b)  -> (artifact id: '20eb348ba0e7326c73f3d908ea7fe39a') in 0.034164 seconds 
========================================================================
Received Import Request.
  Time since last request: 1.443652 seconds.
  path: Assets/_Resources/Art/_UI界面/设置界面素材/设置页面/设置界面示意图.psb
  artifactKey: Guid(d8ef2629fed1e0d44bbb5af51ab4b711) Importer(815301076,1909f56bfc062723c751e8b465ee728b)
Start importing Assets/_Resources/Art/_UI界面/设置界面素材/设置页面/设置界面示意图.psb using Guid(d8ef2629fed1e0d44bbb5af51ab4b711) Importer(815301076,1909f56bfc062723c751e8b465ee728b)  -> (artifact id: 'cab6437657c5a20736664e91e4c9ff2b') in 0.163751 seconds 
========================================================================
Received Import Request.
  Time since last request: 49.990409 seconds.
  path: Assets/_Resources/Art/Font/MapPanel/MapPanelDescFont SDF.asset
  artifactKey: Guid(8fa8d1aa2cc7941448243e703346b25d) Importer(815301076,1909f56bfc062723c751e8b465ee728b)
Start importing Assets/_Resources/Art/Font/MapPanel/MapPanelDescFont SDF.asset using Guid(8fa8d1aa2cc7941448243e703346b25d) Importer(815301076,1909f56bfc062723c751e8b465ee728b)  -> (artifact id: 'd68f01eee09fd71f8b8d2bc69e96db4b') in 0.668420 seconds 
Editor requested this worker to shutdown with reason: Scaling down because of idle timeout
AssetImportWorker is now disconnected from the server
Process exiting
Exiting without the bug reporter. Application will terminate with return code 0