Using pre-set license
Built from '2021.3/china_unity/release' branch; Version is '2021.3.21f1c1 (08fa194de70f) revision 588313'; Using compiler version '192829333'; Build Type 'Release'
OS: 'Windows 11  (10.0.22631) 64bit CoreCountrySpecific' Language: 'zh' Physical Memory: 16101 MB
BatchMode: 1, IsHumanControllingUs: 0, StartBugReporterOnCrash: 0, Is64bit: 1, IsPro: 1

COMMAND LINE ARGUMENTS:
D:\Program Files\2021.3.21f1c1\Editor\Unity.exe
-adb2
-batchMode
-noUpm
-name
AssetImportWorker5
-projectPath
E:/Github/Draconia/MyProject
-logFile
Logs/AssetImportWorker5.log
-srvPort
58863
Successfully changed project path to: E:/Github/Draconia/MyProject
E:/Github/Draconia/MyProject
[UnityMemory] Configuration Parameters - Can be set up in boot.config
    "memorysetup-bucket-allocator-granularity=16"
    "memorysetup-bucket-allocator-bucket-count=8"
    "memorysetup-bucket-allocator-block-size=33554432"
    "memorysetup-bucket-allocator-block-count=8"
    "memorysetup-main-allocator-block-size=16777216"
    "memorysetup-thread-allocator-block-size=16777216"
    "memorysetup-gfx-main-allocator-block-size=16777216"
    "memorysetup-gfx-thread-allocator-block-size=16777216"
    "memorysetup-cache-allocator-block-size=4194304"
    "memorysetup-typetree-allocator-block-size=2097152"
    "memorysetup-profiler-bucket-allocator-granularity=16"
    "memorysetup-profiler-bucket-allocator-bucket-count=8"
    "memorysetup-profiler-bucket-allocator-block-size=33554432"
    "memorysetup-profiler-bucket-allocator-block-count=8"
    "memorysetup-profiler-allocator-block-size=16777216"
    "memorysetup-profiler-editor-allocator-block-size=1048576"
    "memorysetup-temp-allocator-size-main=16777216"
    "memorysetup-job-temp-allocator-block-size=2097152"
    "memorysetup-job-temp-allocator-block-size-background=1048576"
    "memorysetup-job-temp-allocator-reduction-small-platforms=262144"
    "memorysetup-temp-allocator-size-background-worker=32768"
    "memorysetup-temp-allocator-size-job-worker=262144"
    "memorysetup-temp-allocator-size-preload-manager=33554432"
    "memorysetup-temp-allocator-size-nav-mesh-worker=65536"
    "memorysetup-temp-allocator-size-audio-worker=65536"
    "memorysetup-temp-allocator-size-cloud-worker=32768"
    "memorysetup-temp-allocator-size-gi-baking-worker=262144"
    "memorysetup-temp-allocator-size-gfx=262144"
Player connection [2420] Host "[IP] 169.254.38.146 [Port] 0 [Flags] 2 [Guid] 3886857180 [EditorId] 3886857180 [Version] 1048832 [Id] WindowsEditor(7,James_Workspace) [Debug] 1 [PackageName] WindowsEditor [ProjectName] Editor" joined multi-casting on [225.0.0.222:54997]...

Player connection [2420] Host "[IP] 169.254.38.146 [Port] 0 [Flags] 2 [Guid] 3886857180 [EditorId] 3886857180 [Version] 1048832 [Id] WindowsEditor(7,James_Workspace) [Debug] 1 [PackageName] WindowsEditor [ProjectName] Editor" joined alternative multi-casting on [225.0.0.222:34997]...

AS: AutoStreaming module initializing.
Refreshing native plugins compatible for Editor in 88.02 ms, found 4 plugins.
Preloading 0 native plugins for Editor in 0.00 ms.
Initialize engine version: 2021.3.21f1c1 (08fa194de70f)
[Subsystems] Discovering subsystems at path D:/Program Files/2021.3.21f1c1/Editor/Data/Resources/UnitySubsystems
[Subsystems] Discovering subsystems at path E:/Github/Draconia/MyProject/Assets
GfxDevice: creating device client; threaded=0; jobified=0
Direct3D:
    Version:  Direct3D 11.0 [level 11.1]
    Renderer: NVIDIA GeForce RTX 4070 Ti (ID=0x2782)
    Vendor:   NVIDIA
    VRAM:     11996 MB
    Driver:   31.0.15.5222
Initialize mono
Mono path[0] = 'D:/Program Files/2021.3.21f1c1/Editor/Data/Managed'
Mono path[1] = 'D:/Program Files/2021.3.21f1c1/Editor/Data/MonoBleedingEdge/lib/mono/unityjit-win32'
Mono config path = 'D:/Program Files/2021.3.21f1c1/Editor/Data/MonoBleedingEdge/etc'
Using monoOptions --debugger-agent=transport=dt_socket,embedding=1,server=y,suspend=n,address=127.0.0.1:56024
Begin MonoManager ReloadAssembly
Registering precompiled unity dll's ...
Register platform support module: D:/Program Files/2021.3.21f1c1/Editor/Data/PlaybackEngines/WebGLSupport/UnityEditor.WebGL.Extensions.dll
Register platform support module: D:/Program Files/2021.3.21f1c1/Editor/Data/PlaybackEngines/WindowsStandaloneSupport/UnityEditor.WindowsStandalone.Extensions.dll
Registered in 0.005849 seconds.
Native extension for WindowsStandalone target not found
Native extension for WebGL target not found
Refreshing native plugins compatible for Editor in 82.59 ms, found 4 plugins.
Preloading 0 native plugins for Editor in 0.00 ms.
Mono: successfully reloaded assembly
- Completed reload, in  0.589 seconds
Domain Reload Profiling:
	ReloadAssembly (590ms)
		BeginReloadAssembly (232ms)
			ExecutionOrderSort (0ms)
			DisableScriptedObjects (0ms)
			BackupInstance (0ms)
			ReleaseScriptingObjects (0ms)
			CreateAndSetChildDomain (0ms)
		EndReloadAssembly (300ms)
			LoadAssemblies (230ms)
			RebuildTransferFunctionScriptingTraits (0ms)
			SetupTypeCache (57ms)
			ReleaseScriptCaches (0ms)
			RebuildScriptCaches (15ms)
			SetupLoadedEditorAssemblies (195ms)
				LogAssemblyErrors (0ms)
				InitializePlatformSupportModulesInManaged (5ms)
				SetLoadedEditorAssemblies (0ms)
				RefreshPlugins (83ms)
				BeforeProcessingInitializeOnLoad (1ms)
				ProcessInitializeOnLoadAttributes (76ms)
				ProcessInitializeOnLoadMethodAttributes (31ms)
				AfterProcessingInitializeOnLoad (0ms)
				EditorAssembliesLoaded (0ms)
			ExecutionOrderSort2 (0ms)
			AwakeInstancesAfterBackupRestoration (0ms)
Platform modules already initialized, skipping
Registering precompiled user dll's ...
Registered in 0.033522 seconds.
Begin MonoManager ReloadAssembly
Symbol file data-000001FE3D69AB40 doesn't match image E:\Github\Draconia\MyProject\Library\ScriptAssemblies\Unity.InternalAPIEngineBridge.001.dll
Symbol file LoadedFromMemory is not a mono symbol file
Symbol file data-000001FE3D69AB40 doesn't match image E:\Github\Draconia\MyProject\Library\ScriptAssemblies\Unity.2D.PixelPerfect.dll
Symbol file LoadedFromMemory is not a mono symbol file
Symbol file data-000001FE3D69AB40 doesn't match image E:\Github\Draconia\MyProject\Library\ScriptAssemblies\Unity.RenderPipelines.Universal.Shaders.dll
Symbol file LoadedFromMemory is not a mono symbol file
Symbol file data-000001FE3D681B20 doesn't match image E:\Github\Draconia\MyProject\Library\ScriptAssemblies\PsdPlugin.dll
Symbol file LoadedFromMemory is not a mono symbol file
Symbol file data-000001FE3D0AA820 doesn't match image E:\Github\Draconia\MyProject\Library\ScriptAssemblies\Unity.TextMeshPro.Editor.dll
Symbol file LoadedFromMemory is not a mono symbol file
Symbol file data-000001FE3D681B20 doesn't match image E:\Github\Draconia\MyProject\Library\ScriptAssemblies\spine-unity-examples.dll
Symbol file LoadedFromMemory is not a mono symbol file
Symbol file data-000001FE3D0C4030 doesn't match image E:\Github\Draconia\MyProject\Library\ScriptAssemblies\Unity.VisualScripting.State.Editor.dll
Symbol file LoadedFromMemory is not a mono symbol file
Symbol file data-000001FE3D681B20 doesn't match image E:\Github\Draconia\MyProject\Library\ScriptAssemblies\Unity.Searcher.Editor.dll
Symbol file LoadedFromMemory is not a mono symbol file
Symbol file data-000001FE3DB5E700 doesn't match image E:\Github\Draconia\MyProject\Library\ScriptAssemblies\Unity.2D.Path.Editor.dll
Symbol file LoadedFromMemory is not a mono symbol file
Symbol file data-000001FE3D69AB40 doesn't match image E:\Github\Draconia\MyProject\Library\ScriptAssemblies\Unity.VisualScripting.SettingsProvider.Editor.dll
Symbol file LoadedFromMemory is not a mono symbol file
Symbol file data-000001FE3DB5E700 doesn't match image E:\Github\Draconia\MyProject\Library\ScriptAssemblies\UnityEditor.UI.dll
Symbol file LoadedFromMemory is not a mono symbol file
Symbol file data-000001FE3D69AB40 doesn't match image E:\Github\Draconia\MyProject\Library\ScriptAssemblies\Unity.ShaderGraph.Utilities.dll
Symbol file LoadedFromMemory is not a mono symbol file
Symbol file data-000001FE3D69AB40 doesn't match image E:\Github\Draconia\MyProject\Library\ScriptAssemblies\Unity.RenderPipelines.Core.ShaderLibrary.dll
Symbol file LoadedFromMemory is not a mono symbol file
Symbol file data-000001FE3B840BE0 doesn't match image E:\Github\Draconia\MyProject\Library\ScriptAssemblies\Sirenix.OdinInspector.Modules.UnityMathematics.dll
Symbol file LoadedFromMemory is not a mono symbol file
Symbol file data-000001FE3CFF3630 doesn't match image E:\Github\Draconia\MyProject\Library\ScriptAssemblies\UnityEngine.UI.dll
Symbol file LoadedFromMemory is not a mono symbol file
Symbol file data-000001FE3CFF3630 doesn't match image E:\Github\Draconia\MyProject\Library\ScriptAssemblies\Unity.2D.IK.Runtime.dll
Symbol file LoadedFromMemory is not a mono symbol file
Symbol file data-000001FE3D1AC020 doesn't match image E:\Github\Draconia\MyProject\Library\ScriptAssemblies\Unity.ShaderGraph.Editor.dll
Symbol file LoadedFromMemory is not a mono symbol file
Symbol file data-000001FE3D009040 doesn't match image E:\Github\Draconia\MyProject\Library\ScriptAssemblies\AllIn1SpriteShaderAssembly.dll
Symbol file LoadedFromMemory is not a mono symbol file
Symbol file data-000001FE3B840BE0 doesn't match image E:\Github\Draconia\MyProject\Library\ScriptAssemblies\AudioKit.dll
Symbol file LoadedFromMemory is not a mono symbol file
Symbol file data-000001FE3B840BE0 doesn't match image E:\Github\Draconia\MyProject\Library\ScriptAssemblies\Unity.RenderPipeline.Universal.ShaderLibrary.dll
Symbol file LoadedFromMemory is not a mono symbol file
Symbol file data-000001FE3B840BE0 doesn't match image E:\Github\Draconia\MyProject\Library\ScriptAssemblies\Unity.CollabProxy.Editor.dll
Symbol file LoadedFromMemory is not a mono symbol file
Symbol file data-000001FE3B8469F0 doesn't match image E:\Github\Draconia\MyProject\Library\ScriptAssemblies\Unity.Mathematics.Editor.dll
Symbol file LoadedFromMemory is not a mono symbol file
Symbol file data-000001FE3B84B000 doesn't match image E:\Github\Draconia\MyProject\Library\ScriptAssemblies\QFramework.dll
Symbol file LoadedFromMemory is not a mono symbol file
Symbol file data-000001FE3B853A10 doesn't match image E:\Github\Draconia\MyProject\Library\ScriptAssemblies\Unity.2D.Common.Editor.dll
Symbol file LoadedFromMemory is not a mono symbol file
Symbol file data-000001FE3D7D3020 doesn't match image E:\Github\Draconia\MyProject\Library\ScriptAssemblies\QFramework.CoreKit.dll
Symbol file LoadedFromMemory is not a mono symbol file
Symbol file data-000001FE3B85D020 doesn't match image E:\Github\Draconia\MyProject\Library\ScriptAssemblies\Unity.2D.Tilemap.Extras.dll
Symbol file LoadedFromMemory is not a mono symbol file
Symbol file data-000001FE3B85D020 doesn't match image E:\Github\Draconia\MyProject\Library\ScriptAssemblies\Unity.VisualScripting.Flow.Editor.dll
Symbol file LoadedFromMemory is not a mono symbol file
Symbol file data-000001FE3B85D020 doesn't match image E:\Github\Draconia\MyProject\Library\ScriptAssemblies\spine-unity-examples-editor.dll
Symbol file LoadedFromMemory is not a mono symbol file
Symbol file data-000001FE3D963010 doesn't match image E:\Github\Draconia\MyProject\Library\ScriptAssemblies\Unity.2D.Animation.Editor.dll
Symbol file LoadedFromMemory is not a mono symbol file
Symbol file data-000001FE3B85D020 doesn't match image E:\Github\Draconia\MyProject\Library\ScriptAssemblies\Unity.2D.Tilemap.Editor.dll
Symbol file LoadedFromMemory is not a mono symbol file
Symbol file data-000001FE3D9CCA30 doesn't match image E:\Github\Draconia\MyProject\Library\ScriptAssemblies\ResKit.dll
Symbol file LoadedFromMemory is not a mono symbol file
Symbol file data-000001FE3ADF0080 doesn't match image E:\Github\Draconia\MyProject\Library\ScriptAssemblies\Unity.RenderPipelines.Universal.Runtime.dll
Symbol file LoadedFromMemory is not a mono symbol file
Symbol file data-000001FE3D22BA30 doesn't match image E:\Github\Draconia\MyProject\Library\ScriptAssemblies\PPv2URPConverters.dll
Symbol file LoadedFromMemory is not a mono symbol file
Symbol file data-000001FE3AE43090 doesn't match image E:\Github\Draconia\MyProject\Library\ScriptAssemblies\spine-unity.dll
Symbol file LoadedFromMemory is not a mono symbol file
Symbol file data-000001FE3AE63CA0 doesn't match image E:\Github\Draconia\MyProject\Library\ScriptAssemblies\Unity.Timeline.dll
Symbol file LoadedFromMemory is not a mono symbol file
Symbol file data-000001FE3AE63CA0 doesn't match image E:\Github\Draconia\MyProject\Library\ScriptAssemblies\Unity.VisualScripting.Core.Editor.dll
Symbol file LoadedFromMemory is not a mono symbol file
Symbol file data-000001FE3D6E1010 doesn't match image E:\Github\Draconia\MyProject\Library\ScriptAssemblies\Unity.TextMeshPro.dll
Symbol file LoadedFromMemory is not a mono symbol file
Symbol file data-000001FE3AFCD250 doesn't match image E:\Github\Draconia\MyProject\Library\ScriptAssemblies\Unity.Burst.Editor.dll
Symbol file LoadedFromMemory is not a mono symbol file
Symbol file data-000001FE3AFF7C60 doesn't match image E:\Github\Draconia\MyProject\Library\ScriptAssemblies\Unity.2D.Sprite.Editor.dll
Symbol file LoadedFromMemory is not a mono symbol file
Symbol file data-000001FE3D9E7440 doesn't match image E:\Github\Draconia\MyProject\Library\ScriptAssemblies\Unity.2D.Psdimporter.Editor.dll
Symbol file LoadedFromMemory is not a mono symbol file
Symbol file data-000001FE3AEC2AB0 doesn't match image E:\Github\Draconia\MyProject\Library\ScriptAssemblies\Unity.InternalAPIEditorBridge.001.dll
Symbol file LoadedFromMemory is not a mono symbol file
Symbol file data-000001FE3BA01200 doesn't match image E:\Github\Draconia\MyProject\Library\ScriptAssemblies\Unity.RenderPipelines.Core.Runtime.dll
Symbol file LoadedFromMemory is not a mono symbol file
Symbol file data-000001FE3BA52010 doesn't match image E:\Github\Draconia\MyProject\Library\ScriptAssemblies\Unity.VisualScripting.Flow.dll
Symbol file LoadedFromMemory is not a mono symbol file
Symbol file data-000001FE3D9E7440 doesn't match image E:\Github\Draconia\MyProject\Library\ScriptAssemblies\Unity.2D.Tilemap.Extras.Editor.dll
Symbol file LoadedFromMemory is not a mono symbol file
Symbol file data-000001FE3D7B8220 doesn't match image E:\Github\Draconia\MyProject\Library\ScriptAssemblies\UIKit.dll
Symbol file LoadedFromMemory is not a mono symbol file
Symbol file data-000001FE3B181830 doesn't match image E:\Github\Draconia\MyProject\Library\ScriptAssemblies\Unity.VisualScripting.Core.dll
Symbol file LoadedFromMemory is not a mono symbol file
Symbol file data-000001FE3AEC2AB0 doesn't match image E:\Github\Draconia\MyProject\Library\ScriptAssemblies\ResKit.Editor.dll
Symbol file LoadedFromMemory is not a mono symbol file
Symbol file data-000001FE3B233840 doesn't match image E:\Github\Draconia\MyProject\Library\ScriptAssemblies\Unity.Mathematics.dll
Symbol file LoadedFromMemory is not a mono symbol file
Symbol file data-000001FE3B2AFFB0 doesn't match image E:\Github\Draconia\MyProject\Library\ScriptAssemblies\Unity.RenderPipelines.Universal.Editor.dll
Symbol file LoadedFromMemory is not a mono symbol file
Symbol file data-000001FE3AEC2AB0 doesn't match image E:\Github\Draconia\MyProject\Library\ScriptAssemblies\Unity.VisualScripting.Shared.Editor.dll
Symbol file LoadedFromMemory is not a mono symbol file
Symbol file data-000001FE3B003070 doesn't match image E:\Github\Draconia\MyProject\Library\ScriptAssemblies\Unity.2D.Animation.Runtime.dll
Symbol file LoadedFromMemory is not a mono symbol file
Symbol file data-000001FE3EC26C40 doesn't match image E:\Github\Draconia\MyProject\Library\ScriptAssemblies\Unity.Timeline.Editor.dll
Symbol file LoadedFromMemory is not a mono symbol file
Symbol file data-000001FE3B873E30 doesn't match image E:\Github\Draconia\MyProject\Library\ScriptAssemblies\Unity.RenderPipelines.ShaderGraph.ShaderGraphLibrary.dll
Symbol file LoadedFromMemory is not a mono symbol file
Symbol file data-000001FE3BAA2C10 doesn't match image E:\Github\Draconia\MyProject\Library\ScriptAssemblies\Unity.2D.Common.Runtime.dll
Symbol file LoadedFromMemory is not a mono symbol file
Symbol file data-000001FE3BAA9A20 doesn't match image E:\Github\Draconia\MyProject\Library\ScriptAssemblies\UIKit.Editor.dll
Symbol file LoadedFromMemory is not a mono symbol file
Symbol file data-000001FE3BAA9A20 doesn't match image E:\Github\Draconia\MyProject\Library\ScriptAssemblies\Unity.2D.SpriteShape.Editor.dll
Symbol file LoadedFromMemory is not a mono symbol file
Symbol file data-000001FE3B2C43C0 doesn't match image E:\Github\Draconia\MyProject\Library\ScriptAssemblies\spine-unity-editor.dll
Symbol file LoadedFromMemory is not a mono symbol file
Symbol file data-000001FE3ECEC860 doesn't match image E:\Github\Draconia\MyProject\Library\ScriptAssemblies\Unity.RenderPipelines.Core.Editor.dll
Symbol file LoadedFromMemory is not a mono symbol file
Symbol file data-000001FE3BAA9A20 doesn't match image E:\Github\Draconia\MyProject\Library\ScriptAssemblies\Unity.2D.SpriteShape.Runtime.dll
Symbol file LoadedFromMemory is not a mono symbol file
Symbol file data-000001FE3BAB0430 doesn't match image E:\Github\Draconia\MyProject\Library\ScriptAssemblies\Unity.VisualScripting.State.dll
Symbol file LoadedFromMemory is not a mono symbol file
Symbol file LoadedFromMemory doesn't match image E:\Github\Draconia\MyProject\Library\PackageCache\com.unity.visualscripting@1.8.0\Editor\VisualScripting.Core\Dependencies\YamlDotNet\Unity.VisualScripting.YamlDotNet.dll
Symbol file LoadedFromMemory doesn't match image E:\Github\Draconia\MyProject\Library\PackageCache\com.unity.visualscripting@1.8.0\Editor\VisualScripting.Core\Dependencies\DotNetZip\Unity.VisualScripting.IonicZip.dll
Native extension for WindowsStandalone target not found
Native extension for WebGL target not found
Refreshing native plugins compatible for Editor in 80.84 ms, found 4 plugins.
Preloading 0 native plugins for Editor in 0.00 ms.
Launched and connected shader compiler UnityShaderCompiler.exe after 0.06 seconds
Mono: successfully reloaded assembly
- Completed reload, in  1.352 seconds
Domain Reload Profiling:
	ReloadAssembly (1353ms)
		BeginReloadAssembly (237ms)
			ExecutionOrderSort (0ms)
			DisableScriptedObjects (3ms)
			BackupInstance (0ms)
			ReleaseScriptingObjects (0ms)
			CreateAndSetChildDomain (13ms)
		EndReloadAssembly (1044ms)
			LoadAssemblies (292ms)
			RebuildTransferFunctionScriptingTraits (0ms)
			SetupTypeCache (186ms)
			ReleaseScriptCaches (1ms)
			RebuildScriptCaches (50ms)
			SetupLoadedEditorAssemblies (655ms)
				LogAssemblyErrors (0ms)
				InitializePlatformSupportModulesInManaged (2ms)
				SetLoadedEditorAssemblies (0ms)
				RefreshPlugins (81ms)
				BeforeProcessingInitializeOnLoad (64ms)
				ProcessInitializeOnLoadAttributes (284ms)
				ProcessInitializeOnLoadMethodAttributes (220ms)
				AfterProcessingInitializeOnLoad (3ms)
				EditorAssembliesLoaded (0ms)
			ExecutionOrderSort2 (0ms)
			AwakeInstancesAfterBackupRestoration (5ms)
Platform modules already initialized, skipping
========================================================================
Worker process is ready to serve import requests
Refreshing native plugins compatible for Editor in 1.23 ms, found 4 plugins.
Preloading 0 native plugins for Editor in 0.00 ms.
Unloading 6539 Unused Serialized files (Serialized files now loaded: 0)
Unloading 88 unused Assets / (2.8 MB). Loaded Objects now: 7028.
Memory consumption went from 259.9 MB to 257.1 MB.
Total: 11.461700 ms (FindLiveObjects: 0.307900 ms CreateObjectMapping: 0.113700 ms MarkObjects: 10.243300 ms  DeleteObjects: 0.795500 ms)

AssetImportParameters requested are different than current active one (requested -> active):
  custom:video-decoder-ogg-theora: a1e56fd34408186e4bbccfd4996cb3dc -> 
  custom:container-muxer-webm: aa71ff27fc2769a1b78a27578f13a17b -> 
  custom:container-demuxer-webm: 4f35f7cbe854078d1ac9338744f61a02 -> 
  custom:video-encoder-webm-vp8: eb34c28f22e8b96e1ab97ce403110664 -> 
  custom:video-codec-MediaFoundation-h265: 746d11721c4dcdbdad8f713fa42b33f4 -> 
  custom:audio-encoder-webm-vorbis: bf7c407c2cedff20999df2af8eb42d56 -> 
  custom:framework-win-MediaFoundation: 216162199b28c13a410421893ffa2e32 -> 
  custom:container-demuxer-ogg: 62fdf1f143b41e24485cea50d1cbac27 -> 
  custom:video-decoder-webm-vp8: 9c59270c3fd7afecdb556c50c9e8de78 -> 
  custom:audio-decoder-ogg-vorbis: bf7c407c2cedff20999df2af8eb42d56 -> 
========================================================================
Received Import Request.
  Time since last request: 628492.799147 seconds.
  path: Assets/_Resources/Art/MapPanel/地图连接地块.psb
  artifactKey: Guid(fbf7d3854239a7644b00ac8d1184badb) Importer(815301076,1909f56bfc062723c751e8b465ee728b)
Start importing Assets/_Resources/Art/MapPanel/地图连接地块.psb using Guid(fbf7d3854239a7644b00ac8d1184badb) Importer(815301076,1909f56bfc062723c751e8b465ee728b)  -> (artifact id: 'b51d8340f70f855f6370e249a147be4f') in 0.169252 seconds 
========================================================================
Received Import Request.
  Time since last request: 5.999684 seconds.
  path: Assets/_Resources/Art/UI素材/Prefab/DamageTextPrefab_Critical.prefab
  artifactKey: Guid(440644bef5ac2274abd392fef20e37fb) Importer(815301076,1909f56bfc062723c751e8b465ee728b)
Start importing Assets/_Resources/Art/UI素材/Prefab/DamageTextPrefab_Critical.prefab using Guid(440644bef5ac2274abd392fef20e37fb) Importer(815301076,1909f56bfc062723c751e8b465ee728b)  -> (artifact id: 'cabe9e0c8c1b2501761100875c1fa6ed') in 0.054662 seconds 
Editor requested this worker to shutdown with reason: Scaling down because of idle timeout
AssetImportWorker is now disconnected from the server
Process exiting
Exiting without the bug reporter. Application will terminate with return code 0